<?xml version="1.0" encoding="utf-8"?>
<!DOCTYPE coverage SYSTEM "http://cobertura.sourceforge.net/xml/coverage-04.dtd">
<coverage line-rate="0.9925925925925926" branch-rate="0.9705882352941176" lines-covered="134" lines-valid="135" branches-covered="33" branches-valid="34" complexity="44" version="0" timestamp="1627194723">
  <sources />
  <packages>
    <package name="DataPorExtenso" line-rate="0.9879518072289156" branch-rate="0.9705882352941176" complexity="26">
      <classes>
        <class name="Data_PorExtenso.Data" filename="C:\Users\JX\Documents\GitHub\PeriodosAtras\DataPorExtenso\Data.cs" line-rate="0.9879518072289156" branch-rate="0.9705882352941176" complexity="NaN">
          <methods>
            <method name=".ctor" signature="(System.DateTime)" line-rate="1" branch-rate="1" complexity="NaN">
              <lines>
                <line number="8" hits="17" branch="false" />
                <line number="9" hits="17" branch="false" />
                <line number="10" hits="17" branch="false" />
                <line number="12" hits="17" branch="false" />
                <line number="13" hits="17" branch="false" />
                <line number="16" hits="17" branch="false" />
                <line number="17" hits="17" branch="false" />
                <line number="18" hits="17" branch="false" />
                <line number="19" hits="17" branch="false" />
              </lines>
            </method>
            <method name="periodoPorExtenso" signature="(System.DateTime)" line-rate="0.9615384615384616" branch-rate="0.875" complexity="NaN">
              <lines>
                <line number="21" hits="17" branch="false" />
                <line number="22" hits="17" branch="true" condition-coverage="50% (1/2)" />
                <line number="23" hits="0" branch="false" />
                <line number="24" hits="17" branch="true" condition-coverage="100% (2/2)" />
                <line number="25" hits="1" branch="false" />
                <line number="27" hits="16" branch="false" />
                <line number="29" hits="16" branch="false" />
                <line number="31" hits="16" branch="false" />
                <line number="32" hits="16" branch="false" />
                <line number="33" hits="256" branch="true" condition-coverage="100% (2/2)" />
                <line number="34" hits="112" branch="false" />
                <line number="35" hits="112" branch="false" />
                <line number="36" hits="112" branch="false" />
                <line number="37" hits="112" branch="false" />
                <line number="38" hits="112" branch="false" />
                <line number="40" hits="112" branch="true" condition-coverage="100% (2/2)" />
                <line number="41" hits="40" branch="false" />
                <line number="42" hits="40" branch="false" />
                <line number="43" hits="40" branch="false" />
                <line number="44" hits="40" branch="false" />
                <line number="45" hits="40" branch="false" />
                <line number="46" hits="112" branch="false" />
                <line number="47" hits="112" branch="false" />
                <line number="48" hits="112" branch="false" />
                <line number="50" hits="16" branch="false" />
                <line number="51" hits="17" branch="false" />
              </lines>
            </method>
            <method name="unidadeEmExtenso" signature="(System.String,System.Int32)" line-rate="1" branch-rate="1" complexity="NaN">
              <lines>
                <line number="53" hits="112" branch="false" />
                <line number="54" hits="112" branch="false" />
                <line number="56" hits="112" branch="false" />
                <line number="57" hits="112" branch="false" />
                <line number="59" hits="112" branch="false" />
                <line number="60" hits="112" branch="false" />
                <line number="62" hits="116" branch="true" condition-coverage="100% (4/4)" />
                <line number="63" hits="118" branch="true" condition-coverage="100% (4/4)" />
                <line number="65" hits="113" branch="true" condition-coverage="100% (6/6)" />
                <line number="66" hits="112" branch="true" condition-coverage="100% (6/6)" />
                <line number="68" hits="112" branch="false" />
                <line number="69" hits="112" branch="false" />
              </lines>
            </method>
            <method name="listaUnidades" signature="(System.DateTime)" line-rate="1" branch-rate="1" complexity="NaN">
              <lines>
                <line number="71" hits="16" branch="false" />
                <line number="72" hits="16" branch="false" />
                <line number="73" hits="16" branch="false" />
                <line number="76" hits="16" branch="false" />
                <line number="78" hits="16" branch="false" />
                <line number="79" hits="16" branch="false" />
                <line number="81" hits="16" branch="false" />
                <line number="82" hits="16" branch="false" />
                <line number="84" hits="16" branch="false" />
                <line number="85" hits="16" branch="false" />
                <line number="87" hits="16" branch="false" />
                <line number="88" hits="16" branch="false" />
                <line number="90" hits="16" branch="false" />
                <line number="91" hits="16" branch="false" />
                <line number="93" hits="16" branch="false" />
                <line number="94" hits="16" branch="false" />
                <line number="96" hits="16" branch="false" />
                <line number="98" hits="16" branch="false" />
                <line number="99" hits="272" branch="false" />
                <line number="100" hits="112" branch="false" />
                <line number="101" hits="112" branch="false" />
                <line number="102" hits="211" branch="true" condition-coverage="100% (2/2)" />
                <line number="103" hits="112" branch="false" />
                <line number="104" hits="112" branch="false" />
                <line number="105" hits="16" branch="false" />
                <line number="106" hits="16" branch="false" />
              </lines>
            </method>
            <method name="getUnidadeTempo" signature="(System.Int32,System.String)" line-rate="1" branch-rate="1" complexity="NaN">
              <lines>
                <line number="108" hits="40" branch="false" />
                <line number="109" hits="48" branch="true" condition-coverage="100% (2/2)" />
                <line number="110" hits="32" branch="false" />
                <line number="111" hits="40" branch="false" />
              </lines>
            </method>
            <method name="montarString" signature="(System.Collections.Generic.Stack`1&lt;System.String&gt;)" line-rate="1" branch-rate="1" complexity="NaN">
              <lines>
                <line number="113" hits="16" branch="false" />
                <line number="114" hits="16" branch="false" />
                <line number="115" hits="144" branch="true" condition-coverage="100% (2/2)" />
                <line number="116" hits="128" branch="false" />
                <line number="117" hits="16" branch="false" />
                <line number="118" hits="16" branch="false" />
              </lines>
            </method>
          </methods>
          <lines>
            <line number="8" hits="17" branch="false" />
            <line number="9" hits="17" branch="false" />
            <line number="10" hits="17" branch="false" />
            <line number="12" hits="17" branch="false" />
            <line number="13" hits="17" branch="false" />
            <line number="16" hits="17" branch="false" />
            <line number="17" hits="17" branch="false" />
            <line number="18" hits="17" branch="false" />
            <line number="19" hits="17" branch="false" />
            <line number="21" hits="17" branch="false" />
            <line number="22" hits="17" branch="true" condition-coverage="50% (1/2)" />
            <line number="23" hits="0" branch="false" />
            <line number="24" hits="17" branch="true" condition-coverage="100% (2/2)" />
            <line number="25" hits="1" branch="false" />
            <line number="27" hits="16" branch="false" />
            <line number="29" hits="16" branch="false" />
            <line number="31" hits="16" branch="false" />
            <line number="32" hits="16" branch="false" />
            <line number="33" hits="256" branch="true" condition-coverage="100% (2/2)" />
            <line number="34" hits="112" branch="false" />
            <line number="35" hits="112" branch="false" />
            <line number="36" hits="112" branch="false" />
            <line number="37" hits="112" branch="false" />
            <line number="38" hits="112" branch="false" />
            <line number="40" hits="112" branch="true" condition-coverage="100% (2/2)" />
            <line number="41" hits="40" branch="false" />
            <line number="42" hits="40" branch="false" />
            <line number="43" hits="40" branch="false" />
            <line number="44" hits="40" branch="false" />
            <line number="45" hits="40" branch="false" />
            <line number="46" hits="112" branch="false" />
            <line number="47" hits="112" branch="false" />
            <line number="48" hits="112" branch="false" />
            <line number="50" hits="16" branch="false" />
            <line number="51" hits="17" branch="false" />
            <line number="53" hits="112" branch="false" />
            <line number="54" hits="112" branch="false" />
            <line number="56" hits="112" branch="false" />
            <line number="57" hits="112" branch="false" />
            <line number="59" hits="112" branch="false" />
            <line number="60" hits="112" branch="false" />
            <line number="62" hits="116" branch="true" condition-coverage="100% (4/4)" />
            <line number="63" hits="118" branch="true" condition-coverage="100% (4/4)" />
            <line number="65" hits="113" branch="true" condition-coverage="100% (6/6)" />
            <line number="66" hits="112" branch="true" condition-coverage="100% (6/6)" />
            <line number="68" hits="112" branch="false" />
            <line number="69" hits="112" branch="false" />
            <line number="71" hits="16" branch="false" />
            <line number="72" hits="16" branch="false" />
            <line number="73" hits="16" branch="false" />
            <line number="76" hits="16" branch="false" />
            <line number="78" hits="16" branch="false" />
            <line number="79" hits="16" branch="false" />
            <line number="81" hits="16" branch="false" />
            <line number="82" hits="16" branch="false" />
            <line number="84" hits="16" branch="false" />
            <line number="85" hits="16" branch="false" />
            <line number="87" hits="16" branch="false" />
            <line number="88" hits="16" branch="false" />
            <line number="90" hits="16" branch="false" />
            <line number="91" hits="16" branch="false" />
            <line number="93" hits="16" branch="false" />
            <line number="94" hits="16" branch="false" />
            <line number="96" hits="16" branch="false" />
            <line number="98" hits="16" branch="false" />
            <line number="99" hits="272" branch="false" />
            <line number="100" hits="112" branch="false" />
            <line number="101" hits="112" branch="false" />
            <line number="102" hits="211" branch="true" condition-coverage="100% (2/2)" />
            <line number="103" hits="112" branch="false" />
            <line number="104" hits="112" branch="false" />
            <line number="105" hits="16" branch="false" />
            <line number="106" hits="16" branch="false" />
            <line number="108" hits="40" branch="false" />
            <line number="109" hits="48" branch="true" condition-coverage="100% (2/2)" />
            <line number="110" hits="32" branch="false" />
            <line number="111" hits="40" branch="false" />
            <line number="113" hits="16" branch="false" />
            <line number="114" hits="16" branch="false" />
            <line number="115" hits="144" branch="true" condition-coverage="100% (2/2)" />
            <line number="116" hits="128" branch="false" />
            <line number="117" hits="16" branch="false" />
            <line number="118" hits="16" branch="false" />
          </lines>
        </class>
      </classes>
    </package>
    <package name="UnitTestProject" line-rate="1" branch-rate="1" complexity="18">
      <classes>
        <class name="UnitTestProject.UnitTest" filename="C:\Users\JX\Documents\GitHub\PeriodosAtras\UnitTestProject\UnitTest.cs" line-rate="1" branch-rate="1" complexity="18">
          <methods>
            <method name="DeveRetornar1segundo" signature="()" line-rate="1" branch-rate="1" complexity="1">
              <lines>
                <line number="14" hits="1" branch="false" />
                <line number="15" hits="1" branch="false" />
                <line number="16" hits="1" branch="false" />
              </lines>
            </method>
            <method name="DeveRetornar22segundos" signature="()" line-rate="1" branch-rate="1" complexity="1">
              <lines>
                <line number="19" hits="1" branch="false" />
                <line number="20" hits="1" branch="false" />
                <line number="21" hits="1" branch="false" />
              </lines>
            </method>
            <method name="DeveRetornar1Minuto" signature="()" line-rate="1" branch-rate="1" complexity="1">
              <lines>
                <line number="24" hits="1" branch="false" />
                <line number="25" hits="1" branch="false" />
                <line number="26" hits="1" branch="false" />
              </lines>
            </method>
            <method name="DeveRetornar1Hora" signature="()" line-rate="1" branch-rate="1" complexity="1">
              <lines>
                <line number="29" hits="1" branch="false" />
                <line number="30" hits="1" branch="false" />
                <line number="31" hits="1" branch="false" />
              </lines>
            </method>
            <method name="DeveRetornar22Horas" signature="()" line-rate="1" branch-rate="1" complexity="1">
              <lines>
                <line number="34" hits="1" branch="false" />
                <line number="35" hits="1" branch="false" />
                <line number="36" hits="1" branch="false" />
              </lines>
            </method>
            <method name="DeveRetornar1Dia" signature="()" line-rate="1" branch-rate="1" complexity="1">
              <lines>
                <line number="39" hits="1" branch="false" />
                <line number="40" hits="1" branch="false" />
                <line number="41" hits="1" branch="false" />
              </lines>
            </method>
            <method name="DeveRetornar1Mes" signature="()" line-rate="1" branch-rate="1" complexity="1">
              <lines>
                <line number="44" hits="1" branch="false" />
                <line number="45" hits="1" branch="false" />
                <line number="46" hits="1" branch="false" />
              </lines>
            </method>
            <method name="DeveRetornar1Ano" signature="()" line-rate="1" branch-rate="1" complexity="1">
              <lines>
                <line number="49" hits="1" branch="false" />
                <line number="50" hits="1" branch="false" />
                <line number="51" hits="1" branch="false" />
              </lines>
            </method>
            <method name="DeveRetornar10Anos" signature="()" line-rate="1" branch-rate="1" complexity="1">
              <lines>
                <line number="54" hits="1" branch="false" />
                <line number="55" hits="1" branch="false" />
                <line number="56" hits="1" branch="false" />
              </lines>
            </method>
            <method name="DeveRetornar15Anos1Mes5Dias" signature="()" line-rate="1" branch-rate="1" complexity="1">
              <lines>
                <line number="59" hits="1" branch="false" />
                <line number="60" hits="1" branch="false" />
                <line number="61" hits="1" branch="false" />
              </lines>
            </method>
            <method name="DeveRetornar20Anos1Mes5Dias" signature="()" line-rate="1" branch-rate="1" complexity="1">
              <lines>
                <line number="64" hits="1" branch="false" />
                <line number="65" hits="1" branch="false" />
                <line number="66" hits="1" branch="false" />
              </lines>
            </method>
            <method name="DeveRetornar98Anos5Meses3Semanas" signature="()" line-rate="1" branch-rate="1" complexity="1">
              <lines>
                <line number="69" hits="1" branch="false" />
                <line number="70" hits="1" branch="false" />
                <line number="71" hits="1" branch="false" />
              </lines>
            </method>
            <method name="DeveRetornar97Anos5Meses3Semanas6Dias" signature="()" line-rate="1" branch-rate="1" complexity="1">
              <lines>
                <line number="74" hits="1" branch="false" />
                <line number="75" hits="1" branch="false" />
                <line number="76" hits="1" branch="false" />
              </lines>
            </method>
            <method name="DeveRetornar97Anos5Meses3Semanas6Dias3Horas" signature="()" line-rate="1" branch-rate="1" complexity="1">
              <lines>
                <line number="79" hits="1" branch="false" />
                <line number="80" hits="1" branch="false" />
                <line number="81" hits="1" branch="false" />
              </lines>
            </method>
            <method name="DeveRetornar97Anos5Meses3Semanas6Dias3Horas20Minutos" signature="()" line-rate="1" branch-rate="1" complexity="1">
              <lines>
                <line number="84" hits="1" branch="false" />
                <line number="85" hits="1" branch="false" />
                <line number="86" hits="1" branch="false" />
              </lines>
            </method>
            <method name="DeveRetornar97Anos5Meses3Semanas6Dias3Horas20Minutos30Segundos" signature="()" line-rate="1" branch-rate="1" complexity="1">
              <lines>
                <line number="89" hits="1" branch="false" />
                <line number="90" hits="1" branch="false" />
                <line number="91" hits="1" branch="false" />
              </lines>
            </method>
            <method name="DeveRetornarInvalida" signature="()" line-rate="1" branch-rate="1" complexity="1">
              <lines>
                <line number="94" hits="1" branch="false" />
                <line number="95" hits="1" branch="false" />
                <line number="96" hits="1" branch="false" />
              </lines>
            </method>
            <method name=".ctor" signature="()" line-rate="1" branch-rate="1" complexity="1">
              <lines>
                <line number="10" hits="17" branch="false" />
              </lines>
            </method>
          </methods>
          <lines>
            <line number="10" hits="17" branch="false" />
            <line number="14" hits="1" branch="false" />
            <line number="15" hits="1" branch="false" />
            <line number="16" hits="1" branch="false" />
            <line number="19" hits="1" branch="false" />
            <line number="20" hits="1" branch="false" />
            <line number="21" hits="1" branch="false" />
            <line number="24" hits="1" branch="false" />
            <line number="25" hits="1" branch="false" />
            <line number="26" hits="1" branch="false" />
            <line number="29" hits="1" branch="false" />
            <line number="30" hits="1" branch="false" />
            <line number="31" hits="1" branch="false" />
            <line number="34" hits="1" branch="false" />
            <line number="35" hits="1" branch="false" />
            <line number="36" hits="1" branch="false" />
            <line number="39" hits="1" branch="false" />
            <line number="40" hits="1" branch="false" />
            <line number="41" hits="1" branch="false" />
            <line number="44" hits="1" branch="false" />
            <line number="45" hits="1" branch="false" />
            <line number="46" hits="1" branch="false" />
            <line number="49" hits="1" branch="false" />
            <line number="50" hits="1" branch="false" />
            <line number="51" hits="1" branch="false" />
            <line number="54" hits="1" branch="false" />
            <line number="55" hits="1" branch="false" />
            <line number="56" hits="1" branch="false" />
            <line number="59" hits="1" branch="false" />
            <line number="60" hits="1" branch="false" />
            <line number="61" hits="1" branch="false" />
            <line number="64" hits="1" branch="false" />
            <line number="65" hits="1" branch="false" />
            <line number="66" hits="1" branch="false" />
            <line number="69" hits="1" branch="false" />
            <line number="70" hits="1" branch="false" />
            <line number="71" hits="1" branch="false" />
            <line number="74" hits="1" branch="false" />
            <line number="75" hits="1" branch="false" />
            <line number="76" hits="1" branch="false" />
            <line number="79" hits="1" branch="false" />
            <line number="80" hits="1" branch="false" />
            <line number="81" hits="1" branch="false" />
            <line number="84" hits="1" branch="false" />
            <line number="85" hits="1" branch="false" />
            <line number="86" hits="1" branch="false" />
            <line number="89" hits="1" branch="false" />
            <line number="90" hits="1" branch="false" />
            <line number="91" hits="1" branch="false" />
            <line number="94" hits="1" branch="false" />
            <line number="95" hits="1" branch="false" />
            <line number="96" hits="1" branch="false" />
          </lines>
        </class>
      </classes>
    </package>
  </packages>
</coverage>