<?xml version="1.0" encoding="utf-8"?>
<CoverageSession xmlns:xsd="http://www.w3.org/2001/XMLSchema" xmlns:xsi="http://www.w3.org/2001/XMLSchema-instance" Version="4.7.922.0">
  <Summary numSequencePoints="149" visitedSequencePoints="148" numBranchPoints="58" visitedBranchPoints="57" sequenceCoverage="99.33" branchCoverage="98.28" maxCyclomaticComplexity="13" minCyclomaticComplexity="1" maxCrapScore="13" minCrapScore="1" visitedClasses="2" numClasses="2" visitedMethods="24" numMethods="24" />
  <Modules>
    <Module hash="03-58-AF-AA-21-10-75-2D-B2-18-0E-AB-74-0D-CC-84-EC-5E-CC-84">
      <Summary numSequencePoints="52" visitedSequencePoints="52" numBranchPoints="18" visitedBranchPoints="18" sequenceCoverage="100" branchCoverage="100" maxCyclomaticComplexity="1" minCyclomaticComplexity="1" maxCrapScore="1" minCrapScore="1" visitedClasses="1" numClasses="1" visitedMethods="18" numMethods="18" />
      <ModulePath>C:\Users\JX\Documents\GitHub\PeriodosAtras\UnitTestProject\bin\Debug\fine-code-coverage\build-output\UnitTestProject.dll</ModulePath>
      <ModuleTime>2021-07-25T09:31:55.0116754Z</ModuleTime>
      <ModuleName>UnitTestProject</ModuleName>
      <Files>
        <File uid="1" fullPath="C:\Users\JX\Documents\GitHub\PeriodosAtras\UnitTestProject\UnitTest.cs" />
      </Files>
      <Classes>
        <Class>
          <Summary numSequencePoints="52" visitedSequencePoints="52" numBranchPoints="18" visitedBranchPoints="18" sequenceCoverage="100" branchCoverage="100" maxCyclomaticComplexity="1" minCyclomaticComplexity="1" maxCrapScore="1" minCrapScore="1" visitedClasses="1" numClasses="1" visitedMethods="18" numMethods="18" />
          <FullName>UnitTestProject.UnitTest</FullName>
          <Methods>
            <Method visited="true" cyclomaticComplexity="1" nPathComplexity="0" sequenceCoverage="100" branchCoverage="100" crapScore="1" isConstructor="false" isStatic="false" isGetter="false" isSetter="false">
              <Summary numSequencePoints="3" visitedSequencePoints="3" numBranchPoints="1" visitedBranchPoints="1" sequenceCoverage="100" branchCoverage="100" maxCyclomaticComplexity="1" minCyclomaticComplexity="1" maxCrapScore="1" minCrapScore="1" visitedClasses="0" numClasses="0" visitedMethods="1" numMethods="1" />
              <MetadataToken>100663297</MetadataToken>
              <Name>System.Void UnitTestProject.UnitTest::DeveRetornar1segundo()</Name>
              <FileRef uid="1" />
              <SequencePoints>
                <SequencePoint vc="1" uspid="1" ordinal="0" offset="0" sl="14" sc="9" el="14" ec="10" bec="0" bev="0" fileid="1" />
                <SequencePoint vc="1" uspid="2" ordinal="1" offset="1" sl="15" sc="13" el="15" ec="110" bec="0" bev="0" fileid="1" />
                <SequencePoint vc="1" uspid="3" ordinal="2" offset="42" sl="16" sc="9" el="16" ec="10" bec="0" bev="0" fileid="1" />
              </SequencePoints>
              <BranchPoints />
              <MethodPoint xsi:type="SequencePoint" vc="1" uspid="1" ordinal="0" offset="0" sl="14" sc="9" el="14" ec="10" bec="0" bev="0" fileid="1" />
            </Method>
            <Method visited="true" cyclomaticComplexity="1" nPathComplexity="0" sequenceCoverage="100" branchCoverage="100" crapScore="1" isConstructor="false" isStatic="false" isGetter="false" isSetter="false">
              <Summary numSequencePoints="3" visitedSequencePoints="3" numBranchPoints="1" visitedBranchPoints="1" sequenceCoverage="100" branchCoverage="100" maxCyclomaticComplexity="1" minCyclomaticComplexity="1" maxCrapScore="1" minCrapScore="1" visitedClasses="0" numClasses="0" visitedMethods="1" numMethods="1" />
              <MetadataToken>100663298</MetadataToken>
              <Name>System.Void UnitTestProject.UnitTest::DeveRetornar22segundos()</Name>
              <FileRef uid="1" />
              <SequencePoints>
                <SequencePoint vc="1" uspid="4" ordinal="0" offset="0" sl="19" sc="9" el="19" ec="10" bec="0" bev="0" fileid="1" />
                <SequencePoint vc="1" uspid="5" ordinal="1" offset="1" sl="20" sc="13" el="20" ec="121" bec="0" bev="0" fileid="1" />
                <SequencePoint vc="1" uspid="6" ordinal="2" offset="42" sl="21" sc="9" el="21" ec="10" bec="0" bev="0" fileid="1" />
              </SequencePoints>
              <BranchPoints />
              <MethodPoint xsi:type="SequencePoint" vc="1" uspid="4" ordinal="0" offset="0" sl="19" sc="9" el="19" ec="10" bec="0" bev="0" fileid="1" />
            </Method>
            <Method visited="true" cyclomaticComplexity="1" nPathComplexity="0" sequenceCoverage="100" branchCoverage="100" crapScore="1" isConstructor="false" isStatic="false" isGetter="false" isSetter="false">
              <Summary numSequencePoints="3" visitedSequencePoints="3" numBranchPoints="1" visitedBranchPoints="1" sequenceCoverage="100" branchCoverage="100" maxCyclomaticComplexity="1" minCyclomaticComplexity="1" maxCrapScore="1" minCrapScore="1" visitedClasses="0" numClasses="0" visitedMethods="1" numMethods="1" />
              <MetadataToken>100663299</MetadataToken>
              <Name>System.Void UnitTestProject.UnitTest::DeveRetornar1Minuto()</Name>
              <FileRef uid="1" />
              <SequencePoints>
                <SequencePoint vc="1" uspid="7" ordinal="0" offset="0" sl="24" sc="9" el="24" ec="10" bec="0" bev="0" fileid="1" />
                <SequencePoint vc="1" uspid="8" ordinal="1" offset="1" sl="25" sc="13" el="25" ec="108" bec="0" bev="0" fileid="1" />
                <SequencePoint vc="1" uspid="9" ordinal="2" offset="41" sl="26" sc="9" el="26" ec="10" bec="0" bev="0" fileid="1" />
              </SequencePoints>
              <BranchPoints />
              <MethodPoint xsi:type="SequencePoint" vc="1" uspid="7" ordinal="0" offset="0" sl="24" sc="9" el="24" ec="10" bec="0" bev="0" fileid="1" />
            </Method>
            <Method visited="true" cyclomaticComplexity="1" nPathComplexity="0" sequenceCoverage="100" branchCoverage="100" crapScore="1" isConstructor="false" isStatic="false" isGetter="false" isSetter="false">
              <Summary numSequencePoints="3" visitedSequencePoints="3" numBranchPoints="1" visitedBranchPoints="1" sequenceCoverage="100" branchCoverage="100" maxCyclomaticComplexity="1" minCyclomaticComplexity="1" maxCrapScore="1" minCrapScore="1" visitedClasses="0" numClasses="0" visitedMethods="1" numMethods="1" />
              <MetadataToken>100663300</MetadataToken>
              <Name>System.Void UnitTestProject.UnitTest::DeveRetornar1Hora()</Name>
              <FileRef uid="1" />
              <SequencePoints>
                <SequencePoint vc="1" uspid="10" ordinal="0" offset="0" sl="29" sc="9" el="29" ec="10" bec="0" bev="0" fileid="1" />
                <SequencePoint vc="1" uspid="11" ordinal="1" offset="1" sl="30" sc="13" el="30" ec="106" bec="0" bev="0" fileid="1" />
                <SequencePoint vc="1" uspid="12" ordinal="2" offset="40" sl="31" sc="9" el="31" ec="10" bec="0" bev="0" fileid="1" />
              </SequencePoints>
              <BranchPoints />
              <MethodPoint xsi:type="SequencePoint" vc="1" uspid="10" ordinal="0" offset="0" sl="29" sc="9" el="29" ec="10" bec="0" bev="0" fileid="1" />
            </Method>
            <Method visited="true" cyclomaticComplexity="1" nPathComplexity="0" sequenceCoverage="100" branchCoverage="100" crapScore="1" isConstructor="false" isStatic="false" isGetter="false" isSetter="false">
              <Summary numSequencePoints="3" visitedSequencePoints="3" numBranchPoints="1" visitedBranchPoints="1" sequenceCoverage="100" branchCoverage="100" maxCyclomaticComplexity="1" minCyclomaticComplexity="1" maxCrapScore="1" minCrapScore="1" visitedClasses="0" numClasses="0" visitedMethods="1" numMethods="1" />
              <MetadataToken>100663301</MetadataToken>
              <Name>System.Void UnitTestProject.UnitTest::DeveRetornar22Horas()</Name>
              <FileRef uid="1" />
              <SequencePoints>
                <SequencePoint vc="1" uspid="13" ordinal="0" offset="0" sl="34" sc="9" el="34" ec="10" bec="0" bev="0" fileid="1" />
                <SequencePoint vc="1" uspid="14" ordinal="1" offset="1" sl="35" sc="13" el="35" ec="115" bec="0" bev="0" fileid="1" />
                <SequencePoint vc="1" uspid="15" ordinal="2" offset="39" sl="36" sc="9" el="36" ec="10" bec="0" bev="0" fileid="1" />
              </SequencePoints>
              <BranchPoints />
              <MethodPoint xsi:type="SequencePoint" vc="1" uspid="13" ordinal="0" offset="0" sl="34" sc="9" el="34" ec="10" bec="0" bev="0" fileid="1" />
            </Method>
            <Method visited="true" cyclomaticComplexity="1" nPathComplexity="0" sequenceCoverage="100" branchCoverage="100" crapScore="1" isConstructor="false" isStatic="false" isGetter="false" isSetter="false">
              <Summary numSequencePoints="3" visitedSequencePoints="3" numBranchPoints="1" visitedBranchPoints="1" sequenceCoverage="100" branchCoverage="100" maxCyclomaticComplexity="1" minCyclomaticComplexity="1" maxCrapScore="1" minCrapScore="1" visitedClasses="0" numClasses="0" visitedMethods="1" numMethods="1" />
              <MetadataToken>100663302</MetadataToken>
              <Name>System.Void UnitTestProject.UnitTest::DeveRetornar1Dia()</Name>
              <FileRef uid="1" />
              <SequencePoints>
                <SequencePoint vc="1" uspid="16" ordinal="0" offset="0" sl="39" sc="9" el="39" ec="10" bec="0" bev="0" fileid="1" />
                <SequencePoint vc="1" uspid="17" ordinal="1" offset="1" sl="40" sc="13" el="40" ec="103" bec="0" bev="0" fileid="1" />
                <SequencePoint vc="1" uspid="18" ordinal="2" offset="39" sl="41" sc="9" el="41" ec="10" bec="0" bev="0" fileid="1" />
              </SequencePoints>
              <BranchPoints />
              <MethodPoint xsi:type="SequencePoint" vc="1" uspid="16" ordinal="0" offset="0" sl="39" sc="9" el="39" ec="10" bec="0" bev="0" fileid="1" />
            </Method>
            <Method visited="true" cyclomaticComplexity="1" nPathComplexity="0" sequenceCoverage="100" branchCoverage="100" crapScore="1" isConstructor="false" isStatic="false" isGetter="false" isSetter="false">
              <Summary numSequencePoints="3" visitedSequencePoints="3" numBranchPoints="1" visitedBranchPoints="1" sequenceCoverage="100" branchCoverage="100" maxCyclomaticComplexity="1" minCyclomaticComplexity="1" maxCrapScore="1" minCrapScore="1" visitedClasses="0" numClasses="0" visitedMethods="1" numMethods="1" />
              <MetadataToken>100663303</MetadataToken>
              <Name>System.Void UnitTestProject.UnitTest::DeveRetornar1Mes()</Name>
              <FileRef uid="1" />
              <SequencePoints>
                <SequencePoint vc="1" uspid="19" ordinal="0" offset="0" sl="44" sc="9" el="44" ec="10" bec="0" bev="0" fileid="1" />
                <SequencePoint vc="1" uspid="20" ordinal="1" offset="1" sl="45" sc="13" el="45" ec="103" bec="0" bev="0" fileid="1" />
                <SequencePoint vc="1" uspid="21" ordinal="2" offset="39" sl="46" sc="9" el="46" ec="10" bec="0" bev="0" fileid="1" />
              </SequencePoints>
              <BranchPoints />
              <MethodPoint xsi:type="SequencePoint" vc="1" uspid="19" ordinal="0" offset="0" sl="44" sc="9" el="44" ec="10" bec="0" bev="0" fileid="1" />
            </Method>
            <Method visited="true" cyclomaticComplexity="1" nPathComplexity="0" sequenceCoverage="100" branchCoverage="100" crapScore="1" isConstructor="false" isStatic="false" isGetter="false" isSetter="false">
              <Summary numSequencePoints="3" visitedSequencePoints="3" numBranchPoints="1" visitedBranchPoints="1" sequenceCoverage="100" branchCoverage="100" maxCyclomaticComplexity="1" minCyclomaticComplexity="1" maxCrapScore="1" minCrapScore="1" visitedClasses="0" numClasses="0" visitedMethods="1" numMethods="1" />
              <MetadataToken>100663304</MetadataToken>
              <Name>System.Void UnitTestProject.UnitTest::DeveRetornar1Ano()</Name>
              <FileRef uid="1" />
              <SequencePoints>
                <SequencePoint vc="1" uspid="22" ordinal="0" offset="0" sl="49" sc="9" el="49" ec="10" bec="0" bev="0" fileid="1" />
                <SequencePoint vc="1" uspid="23" ordinal="1" offset="1" sl="50" sc="13" el="50" ec="103" bec="0" bev="0" fileid="1" />
                <SequencePoint vc="1" uspid="24" ordinal="2" offset="39" sl="51" sc="9" el="51" ec="10" bec="0" bev="0" fileid="1" />
              </SequencePoints>
              <BranchPoints />
              <MethodPoint xsi:type="SequencePoint" vc="1" uspid="22" ordinal="0" offset="0" sl="49" sc="9" el="49" ec="10" bec="0" bev="0" fileid="1" />
            </Method>
            <Method visited="true" cyclomaticComplexity="1" nPathComplexity="0" sequenceCoverage="100" branchCoverage="100" crapScore="1" isConstructor="false" isStatic="false" isGetter="false" isSetter="false">
              <Summary numSequencePoints="3" visitedSequencePoints="3" numBranchPoints="1" visitedBranchPoints="1" sequenceCoverage="100" branchCoverage="100" maxCyclomaticComplexity="1" minCyclomaticComplexity="1" maxCrapScore="1" minCrapScore="1" visitedClasses="0" numClasses="0" visitedMethods="1" numMethods="1" />
              <MetadataToken>100663305</MetadataToken>
              <Name>System.Void UnitTestProject.UnitTest::DeveRetornar10Anos()</Name>
              <FileRef uid="1" />
              <SequencePoints>
                <SequencePoint vc="1" uspid="25" ordinal="0" offset="0" sl="54" sc="9" el="54" ec="10" bec="0" bev="0" fileid="1" />
                <SequencePoint vc="1" uspid="26" ordinal="1" offset="1" sl="55" sc="13" el="55" ec="105" bec="0" bev="0" fileid="1" />
                <SequencePoint vc="1" uspid="27" ordinal="2" offset="39" sl="56" sc="9" el="56" ec="10" bec="0" bev="0" fileid="1" />
              </SequencePoints>
              <BranchPoints />
              <MethodPoint xsi:type="SequencePoint" vc="1" uspid="25" ordinal="0" offset="0" sl="54" sc="9" el="54" ec="10" bec="0" bev="0" fileid="1" />
            </Method>
            <Method visited="true" cyclomaticComplexity="1" nPathComplexity="0" sequenceCoverage="100" branchCoverage="100" crapScore="1" isConstructor="false" isStatic="false" isGetter="false" isSetter="false">
              <Summary numSequencePoints="3" visitedSequencePoints="3" numBranchPoints="1" visitedBranchPoints="1" sequenceCoverage="100" branchCoverage="100" maxCyclomaticComplexity="1" minCyclomaticComplexity="1" maxCrapScore="1" minCrapScore="1" visitedClasses="0" numClasses="0" visitedMethods="1" numMethods="1" />
              <MetadataToken>100663306</MetadataToken>
              <Name>System.Void UnitTestProject.UnitTest::DeveRetornar15Anos1Mes5Dias()</Name>
              <FileRef uid="1" />
              <SequencePoints>
                <SequencePoint vc="1" uspid="28" ordinal="0" offset="0" sl="59" sc="9" el="59" ec="10" bec="0" bev="0" fileid="1" />
                <SequencePoint vc="1" uspid="29" ordinal="1" offset="1" sl="60" sc="13" el="60" ec="126" bec="0" bev="0" fileid="1" />
                <SequencePoint vc="1" uspid="30" ordinal="2" offset="39" sl="61" sc="9" el="61" ec="10" bec="0" bev="0" fileid="1" />
              </SequencePoints>
              <BranchPoints />
              <MethodPoint xsi:type="SequencePoint" vc="1" uspid="28" ordinal="0" offset="0" sl="59" sc="9" el="59" ec="10" bec="0" bev="0" fileid="1" />
            </Method>
            <Method visited="true" cyclomaticComplexity="1" nPathComplexity="0" sequenceCoverage="100" branchCoverage="100" crapScore="1" isConstructor="false" isStatic="false" isGetter="false" isSetter="false">
              <Summary numSequencePoints="3" visitedSequencePoints="3" numBranchPoints="1" visitedBranchPoints="1" sequenceCoverage="100" branchCoverage="100" maxCyclomaticComplexity="1" minCyclomaticComplexity="1" maxCrapScore="1" minCrapScore="1" visitedClasses="0" numClasses="0" visitedMethods="1" numMethods="1" />
              <MetadataToken>100663307</MetadataToken>
              <Name>System.Void UnitTestProject.UnitTest::DeveRetornar20Anos1Mes5Dias()</Name>
              <FileRef uid="1" />
              <SequencePoints>
                <SequencePoint vc="1" uspid="31" ordinal="0" offset="0" sl="64" sc="9" el="64" ec="10" bec="0" bev="0" fileid="1" />
                <SequencePoint vc="1" uspid="32" ordinal="1" offset="1" sl="65" sc="13" el="65" ec="125" bec="0" bev="0" fileid="1" />
                <SequencePoint vc="1" uspid="33" ordinal="2" offset="39" sl="66" sc="9" el="66" ec="10" bec="0" bev="0" fileid="1" />
              </SequencePoints>
              <BranchPoints />
              <MethodPoint xsi:type="SequencePoint" vc="1" uspid="31" ordinal="0" offset="0" sl="64" sc="9" el="64" ec="10" bec="0" bev="0" fileid="1" />
            </Method>
            <Method visited="true" cyclomaticComplexity="1" nPathComplexity="0" sequenceCoverage="100" branchCoverage="100" crapScore="1" isConstructor="false" isStatic="false" isGetter="false" isSetter="false">
              <Summary numSequencePoints="3" visitedSequencePoints="3" numBranchPoints="1" visitedBranchPoints="1" sequenceCoverage="100" branchCoverage="100" maxCyclomaticComplexity="1" minCyclomaticComplexity="1" maxCrapScore="1" minCrapScore="1" visitedClasses="0" numClasses="0" visitedMethods="1" numMethods="1" />
              <MetadataToken>100663308</MetadataToken>
              <Name>System.Void UnitTestProject.UnitTest::DeveRetornar98Anos5Meses3Semanas()</Name>
              <FileRef uid="1" />
              <SequencePoints>
                <SequencePoint vc="1" uspid="34" ordinal="0" offset="0" sl="69" sc="9" el="69" ec="10" bec="0" bev="0" fileid="1" />
                <SequencePoint vc="1" uspid="35" ordinal="1" offset="1" sl="70" sc="13" el="70" ec="139" bec="0" bev="0" fileid="1" />
                <SequencePoint vc="1" uspid="36" ordinal="2" offset="38" sl="71" sc="9" el="71" ec="10" bec="0" bev="0" fileid="1" />
              </SequencePoints>
              <BranchPoints />
              <MethodPoint xsi:type="SequencePoint" vc="1" uspid="34" ordinal="0" offset="0" sl="69" sc="9" el="69" ec="10" bec="0" bev="0" fileid="1" />
            </Method>
            <Method visited="true" cyclomaticComplexity="1" nPathComplexity="0" sequenceCoverage="100" branchCoverage="100" crapScore="1" isConstructor="false" isStatic="false" isGetter="false" isSetter="false">
              <Summary numSequencePoints="3" visitedSequencePoints="3" numBranchPoints="1" visitedBranchPoints="1" sequenceCoverage="100" branchCoverage="100" maxCyclomaticComplexity="1" minCyclomaticComplexity="1" maxCrapScore="1" minCrapScore="1" visitedClasses="0" numClasses="0" visitedMethods="1" numMethods="1" />
              <MetadataToken>100663309</MetadataToken>
              <Name>System.Void UnitTestProject.UnitTest::DeveRetornar97Anos5Meses3Semanas6Dias()</Name>
              <FileRef uid="1" />
              <SequencePoints>
                <SequencePoint vc="1" uspid="37" ordinal="0" offset="0" sl="74" sc="9" el="74" ec="10" bec="0" bev="0" fileid="1" />
                <SequencePoint vc="1" uspid="38" ordinal="1" offset="1" sl="75" sc="13" el="75" ec="151" bec="0" bev="0" fileid="1" />
                <SequencePoint vc="1" uspid="39" ordinal="2" offset="40" sl="76" sc="9" el="76" ec="10" bec="0" bev="0" fileid="1" />
              </SequencePoints>
              <BranchPoints />
              <MethodPoint xsi:type="SequencePoint" vc="1" uspid="37" ordinal="0" offset="0" sl="74" sc="9" el="74" ec="10" bec="0" bev="0" fileid="1" />
            </Method>
            <Method visited="true" cyclomaticComplexity="1" nPathComplexity="0" sequenceCoverage="100" branchCoverage="100" crapScore="1" isConstructor="false" isStatic="false" isGetter="false" isSetter="false">
              <Summary numSequencePoints="3" visitedSequencePoints="3" numBranchPoints="1" visitedBranchPoints="1" sequenceCoverage="100" branchCoverage="100" maxCyclomaticComplexity="1" minCyclomaticComplexity="1" maxCrapScore="1" minCrapScore="1" visitedClasses="0" numClasses="0" visitedMethods="1" numMethods="1" />
              <MetadataToken>100663310</MetadataToken>
              <Name>System.Void UnitTestProject.UnitTest::DeveRetornar97Anos5Meses3Semanas6Dias3Horas()</Name>
              <FileRef uid="1" />
              <SequencePoints>
                <SequencePoint vc="1" uspid="40" ordinal="0" offset="0" sl="79" sc="9" el="79" ec="10" bec="0" bev="0" fileid="1" />
                <SequencePoint vc="1" uspid="41" ordinal="1" offset="1" sl="80" sc="13" el="80" ec="163" bec="0" bev="0" fileid="1" />
                <SequencePoint vc="1" uspid="42" ordinal="2" offset="41" sl="81" sc="9" el="81" ec="10" bec="0" bev="0" fileid="1" />
              </SequencePoints>
              <BranchPoints />
              <MethodPoint xsi:type="SequencePoint" vc="1" uspid="40" ordinal="0" offset="0" sl="79" sc="9" el="79" ec="10" bec="0" bev="0" fileid="1" />
            </Method>
            <Method visited="true" cyclomaticComplexity="1" nPathComplexity="0" sequenceCoverage="100" branchCoverage="100" crapScore="1" isConstructor="false" isStatic="false" isGetter="false" isSetter="false">
              <Summary numSequencePoints="3" visitedSequencePoints="3" numBranchPoints="1" visitedBranchPoints="1" sequenceCoverage="100" branchCoverage="100" maxCyclomaticComplexity="1" minCyclomaticComplexity="1" maxCrapScore="1" minCrapScore="1" visitedClasses="0" numClasses="0" visitedMethods="1" numMethods="1" />
              <MetadataToken>100663311</MetadataToken>
              <Name>System.Void UnitTestProject.UnitTest::DeveRetornar97Anos5Meses3Semanas6Dias3Horas20Minutos()</Name>
              <FileRef uid="1" />
              <SequencePoints>
                <SequencePoint vc="1" uspid="43" ordinal="0" offset="0" sl="84" sc="9" el="84" ec="10" bec="0" bev="0" fileid="1" />
                <SequencePoint vc="1" uspid="44" ordinal="1" offset="1" sl="85" sc="13" el="85" ec="178" bec="0" bev="0" fileid="1" />
                <SequencePoint vc="1" uspid="45" ordinal="2" offset="42" sl="86" sc="9" el="86" ec="10" bec="0" bev="0" fileid="1" />
              </SequencePoints>
              <BranchPoints />
              <MethodPoint xsi:type="SequencePoint" vc="1" uspid="43" ordinal="0" offset="0" sl="84" sc="9" el="84" ec="10" bec="0" bev="0" fileid="1" />
            </Method>
            <Method visited="true" cyclomaticComplexity="1" nPathComplexity="0" sequenceCoverage="100" branchCoverage="100" crapScore="1" isConstructor="false" isStatic="false" isGetter="false" isSetter="false">
              <Summary numSequencePoints="3" visitedSequencePoints="3" numBranchPoints="1" visitedBranchPoints="1" sequenceCoverage="100" branchCoverage="100" maxCyclomaticComplexity="1" minCyclomaticComplexity="1" maxCrapScore="1" minCrapScore="1" visitedClasses="0" numClasses="0" visitedMethods="1" numMethods="1" />
              <MetadataToken>100663312</MetadataToken>
              <Name>System.Void UnitTestProject.UnitTest::DeveRetornar97Anos5Meses3Semanas6Dias3Horas20Minutos30Segundos()</Name>
              <FileRef uid="1" />
              <SequencePoints>
                <SequencePoint vc="1" uspid="46" ordinal="0" offset="0" sl="89" sc="9" el="89" ec="10" bec="0" bev="0" fileid="1" />
                <SequencePoint vc="1" uspid="47" ordinal="1" offset="1" sl="90" sc="13" el="90" ec="195" bec="0" bev="0" fileid="1" />
                <SequencePoint vc="1" uspid="48" ordinal="2" offset="43" sl="91" sc="9" el="91" ec="10" bec="0" bev="0" fileid="1" />
              </SequencePoints>
              <BranchPoints />
              <MethodPoint xsi:type="SequencePoint" vc="1" uspid="46" ordinal="0" offset="0" sl="89" sc="9" el="89" ec="10" bec="0" bev="0" fileid="1" />
            </Method>
            <Method visited="true" cyclomaticComplexity="1" nPathComplexity="0" sequenceCoverage="100" branchCoverage="100" crapScore="1" isConstructor="false" isStatic="false" isGetter="false" isSetter="false">
              <Summary numSequencePoints="3" visitedSequencePoints="3" numBranchPoints="1" visitedBranchPoints="1" sequenceCoverage="100" branchCoverage="100" maxCyclomaticComplexity="1" minCyclomaticComplexity="1" maxCrapScore="1" minCrapScore="1" visitedClasses="0" numClasses="0" visitedMethods="1" numMethods="1" />
              <MetadataToken>100663313</MetadataToken>
              <Name>System.Void UnitTestProject.UnitTest::DeveRetornarInvalida()</Name>
              <FileRef uid="1" />
              <SequencePoints>
                <SequencePoint vc="1" uspid="49" ordinal="0" offset="0" sl="94" sc="9" el="94" ec="10" bec="0" bev="0" fileid="1" />
                <SequencePoint vc="1" uspid="50" ordinal="1" offset="1" sl="95" sc="13" el="95" ec="134" bec="0" bev="0" fileid="1" />
                <SequencePoint vc="1" uspid="51" ordinal="2" offset="43" sl="96" sc="9" el="96" ec="10" bec="0" bev="0" fileid="1" />
              </SequencePoints>
              <BranchPoints />
              <MethodPoint xsi:type="SequencePoint" vc="1" uspid="49" ordinal="0" offset="0" sl="94" sc="9" el="94" ec="10" bec="0" bev="0" fileid="1" />
            </Method>
            <Method visited="true" cyclomaticComplexity="1" nPathComplexity="0" sequenceCoverage="100" branchCoverage="100" crapScore="1" isConstructor="true" isStatic="false" isGetter="false" isSetter="false">
              <Summary numSequencePoints="1" visitedSequencePoints="1" numBranchPoints="1" visitedBranchPoints="1" sequenceCoverage="100" branchCoverage="100" maxCyclomaticComplexity="1" minCyclomaticComplexity="1" maxCrapScore="1" minCrapScore="1" visitedClasses="0" numClasses="0" visitedMethods="1" numMethods="1" />
              <MetadataToken>100663314</MetadataToken>
              <Name>System.Void UnitTestProject.UnitTest::.ctor()</Name>
              <FileRef uid="1" />
              <SequencePoints>
                <SequencePoint vc="17" uspid="52" ordinal="0" offset="0" sl="10" sc="9" el="10" ec="55" bec="0" bev="0" fileid="1" />
              </SequencePoints>
              <BranchPoints />
              <MethodPoint xsi:type="SequencePoint" vc="17" uspid="52" ordinal="0" offset="0" sl="10" sc="9" el="10" ec="55" bec="0" bev="0" fileid="1" />
            </Method>
          </Methods>
        </Class>
      </Classes>
    </Module>
    <Module hash="6A-27-B9-E3-75-B8-5F-A9-F7-7F-07-4D-86-F9-3F-A7-E9-4C-75-2C">
      <Summary numSequencePoints="97" visitedSequencePoints="96" numBranchPoints="40" visitedBranchPoints="39" sequenceCoverage="98.97" branchCoverage="97.5" maxCyclomaticComplexity="13" minCyclomaticComplexity="1" maxCrapScore="13" minCrapScore="1" visitedClasses="1" numClasses="1" visitedMethods="6" numMethods="6" />
      <ModulePath>C:\Users\JX\Documents\GitHub\PeriodosAtras\UnitTestProject\bin\Debug\fine-code-coverage\build-output\DataPorExtenso.dll</ModulePath>
      <ModuleTime>2021-07-25T09:31:19.136526Z</ModuleTime>
      <ModuleName>DataPorExtenso</ModuleName>
      <Files>
        <File uid="3" fullPath="C:\Users\JX\Documents\GitHub\PeriodosAtras\DataPorExtenso\Data.cs" />
      </Files>
      <Classes>
        <Class>
          <Summary numSequencePoints="97" visitedSequencePoints="96" numBranchPoints="40" visitedBranchPoints="39" sequenceCoverage="98.97" branchCoverage="97.5" maxCyclomaticComplexity="13" minCyclomaticComplexity="1" maxCrapScore="13" minCrapScore="1" visitedClasses="1" numClasses="1" visitedMethods="6" numMethods="6" />
          <FullName>Data_PorExtenso.Data</FullName>
          <Methods>
            <Method visited="true" cyclomaticComplexity="1" nPathComplexity="0" sequenceCoverage="100" branchCoverage="100" crapScore="1" isConstructor="true" isStatic="false" isGetter="false" isSetter="false">
              <Summary numSequencePoints="9" visitedSequencePoints="9" numBranchPoints="1" visitedBranchPoints="1" sequenceCoverage="100" branchCoverage="100" maxCyclomaticComplexity="1" minCyclomaticComplexity="1" maxCrapScore="1" minCrapScore="1" visitedClasses="0" numClasses="0" visitedMethods="1" numMethods="1" />
              <MetadataToken>100663297</MetadataToken>
              <Name>System.Void Data_PorExtenso.Data::.ctor(System.DateTime)</Name>
              <FileRef uid="3" />
              <SequencePoints>
                <SequencePoint vc="17" uspid="53" ordinal="0" offset="0" sl="8" sc="9" el="8" ec="122" bec="0" bev="0" fileid="3" />
                <SequencePoint vc="17" uspid="54" ordinal="1" offset="94" sl="9" sc="9" el="9" ec="145" bec="0" bev="0" fileid="3" />
                <SequencePoint vc="17" uspid="55" ordinal="2" offset="188" sl="10" sc="9" el="10" ec="144" bec="0" bev="0" fileid="3" />
                <SequencePoint vc="17" uspid="56" ordinal="3" offset="282" sl="12" sc="9" el="12" ec="118" bec="0" bev="0" fileid="3" />
                <SequencePoint vc="17" uspid="57" ordinal="4" offset="350" sl="13" sc="9" el="13" ec="124" bec="0" bev="0" fileid="3" />
                <SequencePoint vc="17" uspid="58" ordinal="5" offset="418" sl="16" sc="9" el="16" ec="36" bec="0" bev="0" fileid="3" />
                <SequencePoint vc="17" uspid="59" ordinal="6" offset="425" sl="17" sc="9" el="17" ec="10" bec="0" bev="0" fileid="3" />
                <SequencePoint vc="17" uspid="60" ordinal="7" offset="426" sl="18" sc="13" el="18" ec="32" bec="0" bev="0" fileid="3" />
                <SequencePoint vc="17" uspid="61" ordinal="8" offset="433" sl="19" sc="9" el="19" ec="10" bec="0" bev="0" fileid="3" />
              </SequencePoints>
              <BranchPoints />
              <MethodPoint xsi:type="SequencePoint" vc="17" uspid="53" ordinal="0" offset="0" sl="8" sc="9" el="8" ec="122" bec="0" bev="0" fileid="3" />
            </Method>
            <Method visited="true" cyclomaticComplexity="5" nPathComplexity="16" sequenceCoverage="96.43" branchCoverage="88.89" crapScore="5.00" isConstructor="false" isStatic="false" isGetter="false" isSetter="false">
              <Summary numSequencePoints="28" visitedSequencePoints="27" numBranchPoints="9" visitedBranchPoints="8" sequenceCoverage="96.43" branchCoverage="88.89" maxCyclomaticComplexity="5" minCyclomaticComplexity="5" maxCrapScore="5.00" minCrapScore="5.00" visitedClasses="0" numClasses="0" visitedMethods="1" numMethods="1" />
              <MetadataToken>100663298</MetadataToken>
              <Name>System.String Data_PorExtenso.Data::periodoPorExtenso(System.DateTime)</Name>
              <FileRef uid="3" />
              <SequencePoints>
                <SequencePoint vc="17" uspid="62" ordinal="0" offset="0" sl="21" sc="9" el="21" ec="10" bec="0" bev="0" fileid="3" />
                <SequencePoint vc="17" uspid="63" ordinal="1" offset="1" sl="22" sc="13" el="22" ec="31" bec="2" bev="1" fileid="3" />
                <SequencePoint vc="0" uspid="64" ordinal="2" offset="17" sl="23" sc="17" el="23" ec="54" bec="0" bev="0" fileid="3" />
                <SequencePoint vc="17" uspid="65" ordinal="3" offset="29" sl="24" sc="13" el="24" ec="46" bec="2" bev="2" fileid="3" />
                <SequencePoint vc="1" uspid="66" ordinal="4" offset="61" sl="25" sc="17" el="25" ec="67" bec="0" bev="0" fileid="3" />
                <SequencePoint vc="16" uspid="67" ordinal="5" offset="73" sl="27" sc="13" el="27" ec="64" bec="0" bev="0" fileid="3" />
                <SequencePoint vc="16" uspid="68" ordinal="6" offset="81" sl="29" sc="13" el="29" ec="67" bec="0" bev="0" fileid="3" />
                <SequencePoint vc="16" uspid="69" ordinal="7" offset="87" sl="31" sc="13" el="31" ec="36" bec="0" bev="0" fileid="3" />
                <SequencePoint vc="16" uspid="70" ordinal="8" offset="89" sl="32" sc="13" el="32" ec="45" bec="0" bev="0" fileid="3" />
                <SequencePoint vc="16" uspid="71" ordinal="9" offset="101" sl="33" sc="18" el="33" ec="47" bec="0" bev="0" fileid="3" />
                <SequencePoint vc="112" uspid="72" ordinal="10" offset="111" sl="34" sc="13" el="34" ec="14" bec="0" bev="0" fileid="3" />
                <SequencePoint vc="112" uspid="73" ordinal="11" offset="112" sl="35" sc="17" el="35" ec="39" bec="0" bev="0" fileid="3" />
                <SequencePoint vc="112" uspid="74" ordinal="12" offset="119" sl="36" sc="17" el="36" ec="42" bec="0" bev="0" fileid="3" />
                <SequencePoint vc="112" uspid="75" ordinal="13" offset="126" sl="37" sc="17" el="37" ec="36" bec="0" bev="0" fileid="3" />
                <SequencePoint vc="112" uspid="76" ordinal="14" offset="133" sl="38" sc="17" el="38" ec="62" bec="0" bev="0" fileid="3" />
                <SequencePoint vc="112" uspid="77" ordinal="15" offset="145" sl="40" sc="17" el="40" ec="42" bec="2" bev="2" fileid="3" />
                <SequencePoint vc="40" uspid="78" ordinal="16" offset="163" sl="41" sc="17" el="41" ec="18" bec="0" bev="0" fileid="3" />
                <SequencePoint vc="40" uspid="79" ordinal="17" offset="164" sl="42" sc="21" el="42" ec="37" bec="0" bev="0" fileid="3" />
                <SequencePoint vc="40" uspid="80" ordinal="18" offset="171" sl="43" sc="21" el="43" ec="34" bec="0" bev="0" fileid="3" />
                <SequencePoint vc="40" uspid="81" ordinal="19" offset="178" sl="44" sc="21" el="44" ec="83" bec="0" bev="0" fileid="3" />
                <SequencePoint vc="40" uspid="82" ordinal="20" offset="196" sl="45" sc="17" el="45" ec="18" bec="0" bev="0" fileid="3" />
                <SequencePoint vc="112" uspid="83" ordinal="21" offset="197" sl="46" sc="17" el="46" ec="124" bec="0" bev="0" fileid="3" />
                <SequencePoint vc="112" uspid="84" ordinal="22" offset="224" sl="47" sc="17" el="47" ec="34" bec="0" bev="0" fileid="3" />
                <SequencePoint vc="112" uspid="85" ordinal="23" offset="228" sl="48" sc="13" el="48" ec="14" bec="0" bev="0" fileid="3" />
                <SequencePoint vc="112" uspid="86" ordinal="24" offset="229" sl="33" sc="56" el="33" ec="59" bec="0" bev="0" fileid="3" />
                <SequencePoint vc="128" uspid="87" ordinal="25" offset="235" sl="33" sc="49" el="33" ec="54" bec="2" bev="2" fileid="3" />
                <SequencePoint vc="16" uspid="88" ordinal="26" offset="249" sl="50" sc="13" el="50" ec="52" bec="0" bev="0" fileid="3" />
                <SequencePoint vc="17" uspid="89" ordinal="27" offset="260" sl="51" sc="9" el="51" ec="10" bec="0" bev="0" fileid="3" />
              </SequencePoints>
              <BranchPoints>
                <BranchPoint vc="0" uspid="90" ordinal="0" offset="15" sl="22" path="0" offsetend="17" fileid="3" />
                <BranchPoint vc="17" uspid="91" ordinal="1" offset="15" sl="22" path="1" offsetend="29" fileid="3" />
                <BranchPoint vc="1" uspid="92" ordinal="2" offset="59" sl="24" path="0" offsetend="61" fileid="3" />
                <BranchPoint vc="16" uspid="93" ordinal="3" offset="59" sl="24" path="1" offsetend="73" fileid="3" />
                <BranchPoint vc="40" uspid="94" ordinal="4" offset="161" sl="40" path="0" offsetend="163" fileid="3" />
                <BranchPoint vc="72" uspid="95" ordinal="5" offset="161" sl="40" path="1" offsetend="197" fileid="3" />
                <BranchPoint vc="16" uspid="96" ordinal="6" offset="244" sl="33" path="0" offsetend="249" fileid="3" />
                <BranchPoint vc="112" uspid="97" ordinal="7" offset="244" sl="33" path="1" offsetend="111" fileid="3" />
              </BranchPoints>
              <MethodPoint xsi:type="SequencePoint" vc="17" uspid="62" ordinal="0" offset="0" sl="21" sc="9" el="21" ec="10" bec="0" bev="0" fileid="3" />
            </Method>
            <Method visited="true" cyclomaticComplexity="13" nPathComplexity="1024" sequenceCoverage="100" branchCoverage="100" crapScore="13" isConstructor="false" isStatic="false" isGetter="false" isSetter="false">
              <Summary numSequencePoints="19" visitedSequencePoints="19" numBranchPoints="21" visitedBranchPoints="21" sequenceCoverage="100" branchCoverage="100" maxCyclomaticComplexity="13" minCyclomaticComplexity="13" maxCrapScore="13" minCrapScore="13" visitedClasses="0" numClasses="0" visitedMethods="1" numMethods="1" />
              <MetadataToken>100663299</MetadataToken>
              <Name>System.String Data_PorExtenso.Data::unidadeEmExtenso(System.String,System.Int32)</Name>
              <FileRef uid="3" />
              <SequencePoints>
                <SequencePoint vc="112" uspid="98" ordinal="0" offset="0" sl="53" sc="9" el="53" ec="10" bec="0" bev="0" fileid="3" />
                <SequencePoint vc="112" uspid="99" ordinal="1" offset="1" sl="54" sc="13" el="54" ec="35" bec="0" bev="0" fileid="3" />
                <SequencePoint vc="112" uspid="100" ordinal="2" offset="7" sl="56" sc="13" el="56" ec="69" bec="0" bev="0" fileid="3" />
                <SequencePoint vc="112" uspid="101" ordinal="3" offset="21" sl="57" sc="13" el="57" ec="70" bec="0" bev="0" fileid="3" />
                <SequencePoint vc="112" uspid="102" ordinal="4" offset="35" sl="59" sc="13" el="59" ec="51" bec="0" bev="0" fileid="3" />
                <SequencePoint vc="112" uspid="103" ordinal="5" offset="44" sl="60" sc="13" el="60" ec="54" bec="0" bev="0" fileid="3" />
                <SequencePoint vc="112" uspid="104" ordinal="6" offset="54" sl="62" sc="13" el="62" ec="45" bec="4" bev="4" fileid="3" />
                <SequencePoint vc="1" uspid="105" ordinal="7" offset="71" sl="62" sc="46" el="62" ec="47" bec="0" bev="0" fileid="3" />
                <SequencePoint vc="1" uspid="106" ordinal="8" offset="72" sl="62" sc="48" el="62" ec="76" bec="0" bev="0" fileid="3" />
                <SequencePoint vc="1" uspid="107" ordinal="9" offset="81" sl="62" sc="77" el="62" ec="91" bec="0" bev="0" fileid="3" />
                <SequencePoint vc="1" uspid="108" ordinal="10" offset="88" sl="62" sc="92" el="62" ec="93" bec="0" bev="0" fileid="3" />
                <SequencePoint vc="111" uspid="109" ordinal="11" offset="91" sl="63" sc="18" el="63" ec="49" bec="4" bev="4" fileid="3" />
                <SequencePoint vc="7" uspid="110" ordinal="12" offset="108" sl="63" sc="50" el="63" ec="68" bec="0" bev="0" fileid="3" />
                <SequencePoint vc="112" uspid="111" ordinal="13" offset="114" sl="65" sc="13" el="65" ec="78" bec="6" bev="6" fileid="3" />
                <SequencePoint vc="1" uspid="112" ordinal="14" offset="138" sl="65" sc="79" el="65" ec="96" bec="0" bev="0" fileid="3" />
                <SequencePoint vc="111" uspid="113" ordinal="15" offset="147" sl="66" sc="18" el="66" ec="83" bec="6" bev="6" fileid="3" />
                <SequencePoint vc="1" uspid="114" ordinal="16" offset="171" sl="66" sc="84" el="66" ec="102" bec="0" bev="0" fileid="3" />
                <SequencePoint vc="112" uspid="115" ordinal="17" offset="178" sl="68" sc="13" el="68" ec="51" bec="0" bev="0" fileid="3" />
                <SequencePoint vc="112" uspid="116" ordinal="18" offset="191" sl="69" sc="9" el="69" ec="10" bec="0" bev="0" fileid="3" />
              </SequencePoints>
              <BranchPoints>
                <BranchPoint vc="2" uspid="117" ordinal="0" offset="56" sl="62" path="0" offsetend="58" fileid="3" />
                <BranchPoint vc="110" uspid="118" ordinal="1" offset="56" sl="62" path="1" offsetend="64" fileid="3" />
                <BranchPoint vc="1" uspid="119" ordinal="2" offset="69" sl="62" path="0" offsetend="71" fileid="3" />
                <BranchPoint vc="111" uspid="120" ordinal="3" offset="69" sl="62" path="1" offsetend="91" fileid="3" />
                <BranchPoint vc="11" uspid="121" ordinal="4" offset="93" sl="63" path="0" offsetend="95" fileid="3" />
                <BranchPoint vc="100" uspid="122" ordinal="5" offset="93" sl="63" path="1" offsetend="101" fileid="3" />
                <BranchPoint vc="7" uspid="123" ordinal="6" offset="106" sl="63" path="0" offsetend="108" fileid="3" />
                <BranchPoint vc="104" uspid="124" ordinal="7" offset="106" sl="63" path="1" offsetend="114" fileid="3" />
                <BranchPoint vc="8" uspid="125" ordinal="8" offset="116" sl="65" path="0" offsetend="118" fileid="3" />
                <BranchPoint vc="104" uspid="126" ordinal="9" offset="116" sl="65" path="1" offsetend="131" fileid="3" />
                <BranchPoint vc="7" uspid="127" ordinal="10" offset="120" sl="65" path="0" offsetend="122" fileid="3" />
                <BranchPoint vc="1" uspid="128" ordinal="11" offset="120" sl="65" path="1" offsetend="128" fileid="3" />
                <BranchPoint vc="1" uspid="129" ordinal="12" offset="136" sl="65" path="0" offsetend="138" fileid="3" />
                <BranchPoint vc="111" uspid="130" ordinal="13" offset="136" sl="65" path="1" offsetend="147" fileid="3" />
                <BranchPoint vc="2" uspid="131" ordinal="14" offset="149" sl="66" path="0" offsetend="151" fileid="3" />
                <BranchPoint vc="109" uspid="132" ordinal="15" offset="149" sl="66" path="1" offsetend="164" fileid="3" />
                <BranchPoint vc="1" uspid="133" ordinal="16" offset="153" sl="66" path="0" offsetend="155" fileid="3" />
                <BranchPoint vc="1" uspid="134" ordinal="17" offset="153" sl="66" path="1" offsetend="161" fileid="3" />
                <BranchPoint vc="1" uspid="135" ordinal="18" offset="169" sl="66" path="0" offsetend="171" fileid="3" />
                <BranchPoint vc="110" uspid="136" ordinal="19" offset="169" sl="66" path="1" offsetend="178" fileid="3" />
              </BranchPoints>
              <MethodPoint xsi:type="SequencePoint" vc="112" uspid="98" ordinal="0" offset="0" sl="53" sc="9" el="53" ec="10" bec="0" bev="0" fileid="3" />
            </Method>
            <Method visited="true" cyclomaticComplexity="3" nPathComplexity="2" sequenceCoverage="100" branchCoverage="100" crapScore="3" isConstructor="false" isStatic="false" isGetter="false" isSetter="false">
              <Summary numSequencePoints="30" visitedSequencePoints="30" numBranchPoints="3" visitedBranchPoints="3" sequenceCoverage="100" branchCoverage="100" maxCyclomaticComplexity="3" minCyclomaticComplexity="3" maxCrapScore="3" minCrapScore="3" visitedClasses="0" numClasses="0" visitedMethods="1" numMethods="1" />
              <MetadataToken>100663300</MetadataToken>
              <Name>System.Collections.Generic.List`1&lt;System.String&gt; Data_PorExtenso.Data::listaUnidades(System.DateTime)</Name>
              <FileRef uid="3" />
              <SequencePoints>
                <SequencePoint vc="16" uspid="137" ordinal="0" offset="0" sl="71" sc="9" el="71" ec="10" bec="0" bev="0" fileid="3" />
                <SequencePoint vc="16" uspid="138" ordinal="1" offset="1" sl="72" sc="13" el="72" ec="45" bec="0" bev="0" fileid="3" />
                <SequencePoint vc="16" uspid="139" ordinal="2" offset="14" sl="73" sc="13" el="73" ec="57" bec="0" bev="0" fileid="3" />
                <SequencePoint vc="16" uspid="140" ordinal="3" offset="20" sl="76" sc="13" el="76" ec="72" bec="0" bev="0" fileid="3" />
                <SequencePoint vc="16" uspid="141" ordinal="4" offset="33" sl="78" sc="13" el="78" ec="67" bec="0" bev="0" fileid="3" />
                <SequencePoint vc="16" uspid="142" ordinal="5" offset="60" sl="79" sc="13" el="79" ec="58" bec="0" bev="0" fileid="3" />
                <SequencePoint vc="16" uspid="143" ordinal="6" offset="69" sl="81" sc="13" el="81" ec="58" bec="0" bev="0" fileid="3" />
                <SequencePoint vc="16" uspid="144" ordinal="7" offset="93" sl="82" sc="13" el="82" ec="49" bec="0" bev="0" fileid="3" />
                <SequencePoint vc="16" uspid="145" ordinal="8" offset="102" sl="84" sc="13" el="84" ec="57" bec="0" bev="0" fileid="3" />
                <SequencePoint vc="16" uspid="146" ordinal="9" offset="125" sl="85" sc="13" el="85" ec="48" bec="0" bev="0" fileid="3" />
                <SequencePoint vc="16" uspid="147" ordinal="10" offset="134" sl="87" sc="13" el="87" ec="53" bec="0" bev="0" fileid="3" />
                <SequencePoint vc="16" uspid="148" ordinal="11" offset="154" sl="88" sc="13" el="88" ec="44" bec="0" bev="0" fileid="3" />
                <SequencePoint vc="16" uspid="149" ordinal="12" offset="163" sl="90" sc="13" el="90" ec="48" bec="0" bev="0" fileid="3" />
                <SequencePoint vc="16" uspid="150" ordinal="13" offset="179" sl="91" sc="13" el="91" ec="39" bec="0" bev="0" fileid="3" />
                <SequencePoint vc="16" uspid="151" ordinal="14" offset="188" sl="93" sc="13" el="93" ec="43" bec="0" bev="0" fileid="3" />
                <SequencePoint vc="16" uspid="152" ordinal="15" offset="200" sl="94" sc="13" el="94" ec="32" bec="0" bev="0" fileid="3" />
                <SequencePoint vc="16" uspid="153" ordinal="16" offset="206" sl="96" sc="13" el="96" ec="38" bec="0" bev="0" fileid="3" />
                <SequencePoint vc="16" uspid="154" ordinal="17" offset="214" sl="98" sc="13" el="98" ec="67" bec="0" bev="0" fileid="3" />
                <SequencePoint vc="16" uspid="155" ordinal="18" offset="221" sl="99" sc="13" el="99" ec="20" bec="0" bev="0" fileid="3" />
                <SequencePoint vc="16" uspid="156" ordinal="19" offset="222" sl="99" sc="40" el="99" ec="53" bec="0" bev="0" fileid="3" />
                <SequencePoint vc="112" uspid="157" ordinal="20" offset="232" sl="99" sc="22" el="99" ec="36" bec="0" bev="0" fileid="3" />
                <SequencePoint vc="112" uspid="158" ordinal="21" offset="242" sl="100" sc="13" el="100" ec="14" bec="0" bev="0" fileid="3" />
                <SequencePoint vc="112" uspid="159" ordinal="22" offset="243" sl="101" sc="17" el="101" ec="56" bec="0" bev="0" fileid="3" />
                <SequencePoint vc="112" uspid="160" ordinal="23" offset="252" sl="102" sc="17" el="102" ec="43" bec="2" bev="2" fileid="3" />
                <SequencePoint vc="99" uspid="161" ordinal="24" offset="268" sl="102" sc="44" el="102" ec="74" bec="0" bev="0" fileid="3" />
                <SequencePoint vc="112" uspid="162" ordinal="25" offset="282" sl="103" sc="17" el="103" ec="53" bec="0" bev="0" fileid="3" />
                <SequencePoint vc="112" uspid="163" ordinal="26" offset="292" sl="104" sc="13" el="104" ec="14" bec="0" bev="0" fileid="3" />
                <SequencePoint vc="128" uspid="164" ordinal="27" offset="293" sl="99" sc="37" el="99" ec="39" bec="0" bev="0" fileid="3" />
                <SequencePoint vc="16" uspid="165" ordinal="28" offset="319" sl="105" sc="13" el="105" ec="40" bec="0" bev="0" fileid="3" />
                <SequencePoint vc="16" uspid="166" ordinal="29" offset="325" sl="106" sc="9" el="106" ec="10" bec="0" bev="0" fileid="3" />
              </SequencePoints>
              <BranchPoints>
                <BranchPoint vc="99" uspid="167" ordinal="0" offset="266" sl="102" path="0" offsetend="268" fileid="3" />
                <BranchPoint vc="13" uspid="168" ordinal="1" offset="266" sl="102" path="1" offsetend="282" fileid="3" />
              </BranchPoints>
              <MethodPoint xsi:type="SequencePoint" vc="16" uspid="137" ordinal="0" offset="0" sl="71" sc="9" el="71" ec="10" bec="0" bev="0" fileid="3" />
            </Method>
            <Method visited="true" cyclomaticComplexity="2" nPathComplexity="2" sequenceCoverage="100" branchCoverage="100" crapScore="2" isConstructor="false" isStatic="false" isGetter="false" isSetter="false">
              <Summary numSequencePoints="5" visitedSequencePoints="5" numBranchPoints="3" visitedBranchPoints="3" sequenceCoverage="100" branchCoverage="100" maxCyclomaticComplexity="2" minCyclomaticComplexity="2" maxCrapScore="2" minCrapScore="2" visitedClasses="0" numClasses="0" visitedMethods="1" numMethods="1" />
              <MetadataToken>100663301</MetadataToken>
              <Name>System.String Data_PorExtenso.Data::getUnidadeTempo(System.Int32,System.String)</Name>
              <FileRef uid="3" />
              <SequencePoints>
                <SequencePoint vc="40" uspid="171" ordinal="0" offset="0" sl="108" sc="9" el="108" ec="10" bec="0" bev="0" fileid="3" />
                <SequencePoint vc="40" uspid="172" ordinal="1" offset="1" sl="109" sc="13" el="109" ec="33" bec="2" bev="2" fileid="3" />
                <SequencePoint vc="8" uspid="173" ordinal="2" offset="16" sl="109" sc="34" el="109" ec="79" bec="0" bev="0" fileid="3" />
                <SequencePoint vc="32" uspid="174" ordinal="3" offset="27" sl="110" sc="18" el="110" ec="61" bec="0" bev="0" fileid="3" />
                <SequencePoint vc="40" uspid="175" ordinal="4" offset="38" sl="111" sc="9" el="111" ec="10" bec="0" bev="0" fileid="3" />
              </SequencePoints>
              <BranchPoints>
                <BranchPoint vc="8" uspid="176" ordinal="0" offset="14" sl="109" path="0" offsetend="16" fileid="3" />
                <BranchPoint vc="32" uspid="177" ordinal="1" offset="14" sl="109" path="1" offsetend="27" fileid="3" />
              </BranchPoints>
              <MethodPoint xsi:type="SequencePoint" vc="40" uspid="171" ordinal="0" offset="0" sl="108" sc="9" el="108" ec="10" bec="0" bev="0" fileid="3" />
            </Method>
            <Method visited="true" cyclomaticComplexity="2" nPathComplexity="2" sequenceCoverage="100" branchCoverage="100" crapScore="2" isConstructor="false" isStatic="false" isGetter="false" isSetter="false">
              <Summary numSequencePoints="6" visitedSequencePoints="6" numBranchPoints="3" visitedBranchPoints="3" sequenceCoverage="100" branchCoverage="100" maxCyclomaticComplexity="2" minCyclomaticComplexity="2" maxCrapScore="2" minCrapScore="2" visitedClasses="0" numClasses="0" visitedMethods="1" numMethods="1" />
              <MetadataToken>100663302</MetadataToken>
              <Name>System.String Data_PorExtenso.Data::montarString(System.Collections.Generic.Stack`1&lt;System.String&gt;)</Name>
              <FileRef uid="3" />
              <SequencePoints>
                <SequencePoint vc="16" uspid="178" ordinal="0" offset="0" sl="113" sc="9" el="113" ec="10" bec="0" bev="0" fileid="3" />
                <SequencePoint vc="16" uspid="179" ordinal="1" offset="1" sl="114" sc="13" el="114" ec="44" bec="0" bev="0" fileid="3" />
                <SequencePoint vc="128" uspid="180" ordinal="2" offset="5" sl="116" sc="17" el="116" ec="61" bec="0" bev="0" fileid="3" />
                <SequencePoint vc="144" uspid="181" ordinal="3" offset="18" sl="115" sc="13" el="115" ec="48" bec="2" bev="2" fileid="3" />
                <SequencePoint vc="16" uspid="182" ordinal="4" offset="31" sl="117" sc="13" el="117" ec="37" bec="0" bev="0" fileid="3" />
                <SequencePoint vc="16" uspid="183" ordinal="5" offset="35" sl="118" sc="9" el="118" ec="10" bec="0" bev="0" fileid="3" />
              </SequencePoints>
              <BranchPoints>
                <BranchPoint vc="16" uspid="184" ordinal="0" offset="29" sl="115" path="0" offsetend="31" fileid="3" />
                <BranchPoint vc="128" uspid="185" ordinal="1" offset="29" sl="115" path="1" offsetend="5" fileid="3" />
              </BranchPoints>
              <MethodPoint xsi:type="SequencePoint" vc="16" uspid="178" ordinal="0" offset="0" sl="113" sc="9" el="113" ec="10" bec="0" bev="0" fileid="3" />
            </Method>
          </Methods>
        </Class>
      </Classes>
    </Module>
  </Modules>
</CoverageSession>