<?xml version="1.0" encoding="utf-8"?>
<!DOCTYPE coverage SYSTEM "http://cobertura.sourceforge.net/xml/coverage-04.dtd">
<coverage line-rate="0.5483870967741935" branch-rate="0.43333333333333335" lines-covered="34" lines-valid="62" branches-covered="13" branches-valid="30" complexity="28" version="0" timestamp="1627197349">
  <sources />
  <packages>
    <package name="Teste" line-rate="1" branch-rate="1" complexity="2">
      <classes>
        <class name="Teste.UnitTest" filename="C:\Users\JX\Documents\GitHub\C#\Rachas-Cuca-ADP\Tipo_Triangulo\Teste\UnitTest.cs" line-rate="1" branch-rate="1" complexity="2">
          <methods>
            <method name="escaleno" signature="()" line-rate="1" branch-rate="1" complexity="1">
              <lines>
                <line number="11" hits="1" branch="false" />
                <line number="12" hits="3" branch="false" />
                <line number="13" hits="1" branch="false" />
                <line number="14" hits="1" branch="false" />
                <line number="15" hits="1" branch="false" />
              </lines>
            </method>
            <method name="trianguloInvalido" signature="()" line-rate="1" branch-rate="1" complexity="1">
              <lines>
                <line number="18" hits="1" branch="false" />
                <line number="19" hits="3" branch="false" />
                <line number="20" hits="1" branch="false" />
                <line number="21" hits="1" branch="false" />
                <line number="22" hits="1" branch="false" />
              </lines>
            </method>
          </methods>
          <lines>
            <line number="11" hits="1" branch="false" />
            <line number="12" hits="3" branch="false" />
            <line number="13" hits="1" branch="false" />
            <line number="14" hits="1" branch="false" />
            <line number="15" hits="1" branch="false" />
            <line number="18" hits="1" branch="false" />
            <line number="19" hits="3" branch="false" />
            <line number="20" hits="1" branch="false" />
            <line number="21" hits="1" branch="false" />
            <line number="22" hits="1" branch="false" />
          </lines>
        </class>
      </classes>
    </package>
    <package name="Tipo_Triangulo" line-rate="0.46153846153846156" branch-rate="0.43333333333333335" complexity="26">
      <classes>
        <class name="Tipo_Triangulo.classificaTriangulo" filename="C:\Users\JX\Documents\GitHub\C#\Rachas-Cuca-ADP\Tipo_Triangulo\Tipo_Triangulo\classificaTriangulo.cs" line-rate="1" branch-rate="0.4" complexity="NaN">
          <methods>
            <method name="classifica" signature="(System.Double,System.Double,System.Double)" line-rate="1" branch-rate="0.4" complexity="NaN">
              <lines>
                <line number="6" hits="1" branch="false" />
                <line number="8" hits="1" branch="true" condition-coverage="50% (2/4)" />
                <line number="9" hits="1" branch="true" condition-coverage="33% (2/6)" />
                <line number="10" hits="3" branch="false" />
                <line number="11" hits="1" branch="false" />
                <line number="12" hits="1" branch="false" />
              </lines>
            </method>
          </methods>
          <lines>
            <line number="6" hits="1" branch="false" />
            <line number="8" hits="1" branch="true" condition-coverage="50% (2/4)" />
            <line number="9" hits="1" branch="true" condition-coverage="33% (2/6)" />
            <line number="10" hits="3" branch="false" />
            <line number="11" hits="1" branch="false" />
            <line number="12" hits="1" branch="false" />
          </lines>
        </class>
        <class name="Tipo_Triangulo.equilatero" filename="C:\Users\JX\Documents\GitHub\C#\Rachas-Cuca-ADP\Tipo_Triangulo\Tipo_Triangulo\Triangulos\equilatero.cs" line-rate="0" branch-rate="1" complexity="1">
          <methods>
            <method name=".ctor" signature="(System.Double,System.Double,System.Double)" line-rate="0" branch-rate="1" complexity="NaN">
              <lines>
                <line number="5" hits="0" branch="false" />
              </lines>
            </method>
            <method name="ToString" signature="()" line-rate="0" branch-rate="1" complexity="1">
              <lines>
                <line number="7" hits="0" branch="false" />
                <line number="8" hits="0" branch="false" />
                <line number="9" hits="0" branch="false" />
              </lines>
            </method>
          </methods>
          <lines>
            <line number="5" hits="0" branch="false" />
            <line number="7" hits="0" branch="false" />
            <line number="8" hits="0" branch="false" />
            <line number="9" hits="0" branch="false" />
          </lines>
        </class>
        <class name="Tipo_Triangulo.escaleno" filename="C:\Users\JX\Documents\GitHub\C#\Rachas-Cuca-ADP\Tipo_Triangulo\Tipo_Triangulo\Triangulos\escaleno.cs" line-rate="1" branch-rate="1" complexity="1">
          <methods>
            <method name=".ctor" signature="(System.Double,System.Double,System.Double)" line-rate="1" branch-rate="1" complexity="NaN">
              <lines>
                <line number="5" hits="3" branch="false" />
              </lines>
            </method>
            <method name="ToString" signature="()" line-rate="1" branch-rate="1" complexity="1">
              <lines>
                <line number="7" hits="1" branch="false" />
                <line number="8" hits="1" branch="false" />
                <line number="9" hits="1" branch="false" />
              </lines>
            </method>
          </methods>
          <lines>
            <line number="5" hits="3" branch="false" />
            <line number="7" hits="1" branch="false" />
            <line number="8" hits="1" branch="false" />
            <line number="9" hits="1" branch="false" />
          </lines>
        </class>
        <class name="Tipo_Triangulo.isosceles" filename="C:\Users\JX\Documents\GitHub\C#\Rachas-Cuca-ADP\Tipo_Triangulo\Tipo_Triangulo\Triangulos\isosceles.cs" line-rate="0" branch-rate="1" complexity="1">
          <methods>
            <method name=".ctor" signature="(System.Double,System.Double,System.Double)" line-rate="0" branch-rate="1" complexity="NaN">
              <lines>
                <line number="5" hits="0" branch="false" />
              </lines>
            </method>
            <method name="ToString" signature="()" line-rate="0" branch-rate="1" complexity="1">
              <lines>
                <line number="7" hits="0" branch="false" />
                <line number="8" hits="0" branch="false" />
                <line number="9" hits="0" branch="false" />
              </lines>
            </method>
          </methods>
          <lines>
            <line number="5" hits="0" branch="false" />
            <line number="7" hits="0" branch="false" />
            <line number="8" hits="0" branch="false" />
            <line number="9" hits="0" branch="false" />
          </lines>
        </class>
        <class name="Tipo_Triangulo.Program" filename="C:\Users\JX\Documents\GitHub\C#\Rachas-Cuca-ADP\Tipo_Triangulo\Tipo_Triangulo\Program.cs" line-rate="0" branch-rate="0" complexity="NaN">
          <methods>
            <method name="Main" signature="(System.String[])" line-rate="0" branch-rate="0" complexity="NaN">
              <lines>
                <line number="8" hits="0" branch="false" />
                <line number="9" hits="0" branch="false" />
                <line number="10" hits="0" branch="false" />
                <line number="11" hits="0" branch="false" />
                <line number="12" hits="0" branch="false" />
                <line number="13" hits="0" branch="false" />
                <line number="14" hits="0" branch="false" />
                <line number="15" hits="0" branch="false" />
                <line number="17" hits="0" branch="false" />
                <line number="19" hits="0" branch="false" />
                <line number="20" hits="0" branch="true" condition-coverage="0% (0/2)" />
                <line number="21" hits="0" branch="false" />
                <line number="22" hits="0" branch="false" />
                <line number="23" hits="0" branch="false" />
                <line number="24" hits="0" branch="false" />
                <line number="25" hits="0" branch="false" />
                <line number="26" hits="0" branch="false" />
              </lines>
            </method>
          </methods>
          <lines>
            <line number="8" hits="0" branch="false" />
            <line number="9" hits="0" branch="false" />
            <line number="10" hits="0" branch="false" />
            <line number="11" hits="0" branch="false" />
            <line number="12" hits="0" branch="false" />
            <line number="13" hits="0" branch="false" />
            <line number="14" hits="0" branch="false" />
            <line number="15" hits="0" branch="false" />
            <line number="17" hits="0" branch="false" />
            <line number="19" hits="0" branch="false" />
            <line number="20" hits="0" branch="true" condition-coverage="0% (0/2)" />
            <line number="21" hits="0" branch="false" />
            <line number="22" hits="0" branch="false" />
            <line number="23" hits="0" branch="false" />
            <line number="24" hits="0" branch="false" />
            <line number="25" hits="0" branch="false" />
            <line number="26" hits="0" branch="false" />
          </lines>
        </class>
        <class name="Tipo_Triangulo.Triangulo" filename="C:\Users\JX\Documents\GitHub\C#\Rachas-Cuca-ADP\Tipo_Triangulo\Tipo_Triangulo\Triangulos\Triangulo.cs" line-rate="1" branch-rate="1" complexity="NaN">
          <methods>
            <method name=".ctor" signature="(System.Double,System.Double,System.Double)" line-rate="1" branch-rate="1" complexity="NaN">
              <lines>
                <line number="6" hits="1" branch="false" />
                <line number="7" hits="1" branch="false" />
                <line number="8" hits="1" branch="false" />
                <line number="9" hits="1" branch="false" />
                <line number="10" hits="1" branch="false" />
                <line number="11" hits="1" branch="false" />
              </lines>
            </method>
          </methods>
          <lines>
            <line number="6" hits="1" branch="false" />
            <line number="7" hits="1" branch="false" />
            <line number="8" hits="1" branch="false" />
            <line number="9" hits="1" branch="false" />
            <line number="10" hits="1" branch="false" />
            <line number="11" hits="1" branch="false" />
          </lines>
        </class>
        <class name="Tipo_Triangulo.validaLados" filename="C:\Users\JX\Documents\GitHub\C#\Rachas-Cuca-ADP\Tipo_Triangulo\Tipo_Triangulo\validaLados.cs" line-rate="0.7272727272727273" branch-rate="0.5" complexity="NaN">
          <methods>
            <method name="valida" signature="(System.String,System.String,System.String)" line-rate="0.7272727272727273" branch-rate="0.5" complexity="NaN">
              <lines>
                <line number="6" hits="1" branch="false" />
                <line number="7" hits="3" branch="false" />
                <line number="8" hits="1" branch="false" />
                <line number="9" hits="1" branch="true" condition-coverage="50% (3/6)" />
                <line number="10" hits="0" branch="false" />
                <line number="11" hits="0" branch="false" />
                <line number="12" hits="0" branch="false" />
                <line number="13" hits="1" branch="true" condition-coverage="50% (3/6)" />
                <line number="14" hits="4" branch="true" condition-coverage="50% (3/6)" />
                <line number="15" hits="1" branch="false" />
                <line number="16" hits="1" branch="false" />
              </lines>
            </method>
          </methods>
          <lines>
            <line number="6" hits="1" branch="false" />
            <line number="7" hits="3" branch="false" />
            <line number="8" hits="1" branch="false" />
            <line number="9" hits="1" branch="true" condition-coverage="50% (3/6)" />
            <line number="10" hits="0" branch="false" />
            <line number="11" hits="0" branch="false" />
            <line number="12" hits="0" branch="false" />
            <line number="13" hits="1" branch="true" condition-coverage="50% (3/6)" />
            <line number="14" hits="4" branch="true" condition-coverage="50% (3/6)" />
            <line number="15" hits="1" branch="false" />
            <line number="16" hits="1" branch="false" />
          </lines>
        </class>
      </classes>
    </package>
  </packages>
</coverage>