<?xml version="1.0" encoding="utf-8"?>
<CoverageSession xmlns:xsd="http://www.w3.org/2001/XMLSchema" xmlns:xsi="http://www.w3.org/2001/XMLSchema-instance" Version="4.7.922.0">
  <Summary numSequencePoints="45" visitedSequencePoints="37" numBranchPoints="16" visitedBranchPoints="10" sequenceCoverage="82.22" branchCoverage="62.5" maxCyclomaticComplexity="6" minCyclomaticComplexity="1" maxCrapScore="6" minCrapScore="1" visitedClasses="3" numClasses="5" visitedMethods="6" numMethods="8" />
  <Modules>
    <Module hash="73-C4-7F-1B-60-EA-53-1E-A0-8C-1C-D8-CF-72-5C-C2-1A-F1-0E-C0">
      <Summary numSequencePoints="3" visitedSequencePoints="3" numBranchPoints="1" visitedBranchPoints="1" sequenceCoverage="100" branchCoverage="100" maxCyclomaticComplexity="1" minCyclomaticComplexity="1" maxCrapScore="2" minCrapScore="1" visitedClasses="1" numClasses="1" visitedMethods="1" numMethods="1" />
      <ModulePath>C:\Users\JX\Documents\GitHub\C#\Rachas-Cuca-ADP\DesenhaDiamante\TestesDiamante\bin\Debug\fine-code-coverage\build-output\TestesDiamante.dll</ModulePath>
      <ModuleTime>2021-07-25T09:56:38.0614218Z</ModuleTime>
      <ModuleName>TestesDiamante</ModuleName>
      <Files>
        <File uid="1" fullPath="C:\Users\JX\Documents\GitHub\C#\Rachas-Cuca-ADP\DesenhaDiamante\TestesDiamante\UnitTest1.cs" />
      </Files>
      <Classes>
        <Class>
          <Summary numSequencePoints="3" visitedSequencePoints="3" numBranchPoints="1" visitedBranchPoints="1" sequenceCoverage="100" branchCoverage="100" maxCyclomaticComplexity="1" minCyclomaticComplexity="1" maxCrapScore="2" minCrapScore="1" visitedClasses="1" numClasses="1" visitedMethods="1" numMethods="1" />
          <FullName>TestesDiamante.UnitTest1</FullName>
          <Methods>
            <Method visited="true" cyclomaticComplexity="1" nPathComplexity="0" sequenceCoverage="100" branchCoverage="100" crapScore="1" isConstructor="false" isStatic="false" isGetter="false" isSetter="false">
              <Summary numSequencePoints="3" visitedSequencePoints="3" numBranchPoints="1" visitedBranchPoints="1" sequenceCoverage="100" branchCoverage="100" maxCyclomaticComplexity="1" minCyclomaticComplexity="1" maxCrapScore="1" minCrapScore="1" visitedClasses="0" numClasses="0" visitedMethods="1" numMethods="1" />
              <MetadataToken>100663297</MetadataToken>
              <Name>System.Void TestesDiamante.UnitTest1::deveRetornarA()</Name>
              <FileRef uid="1" />
              <SequencePoints>
                <SequencePoint vc="1" uspid="1" ordinal="0" offset="0" sl="11" sc="9" el="11" ec="10" bec="0" bev="0" fileid="1" />
                <SequencePoint vc="1" uspid="2" ordinal="1" offset="1" sl="12" sc="13" el="12" ec="66" bec="0" bev="0" fileid="1" />
                <SequencePoint vc="1" uspid="3" ordinal="2" offset="19" sl="13" sc="9" el="13" ec="10" bec="0" bev="0" fileid="1" />
              </SequencePoints>
              <BranchPoints />
              <MethodPoint xsi:type="SequencePoint" vc="1" uspid="1" ordinal="0" offset="0" sl="11" sc="9" el="11" ec="10" bec="0" bev="0" fileid="1" />
            </Method>
            <Method visited="false" cyclomaticComplexity="1" nPathComplexity="0" sequenceCoverage="0" branchCoverage="0" crapScore="2" isConstructor="true" isStatic="false" isGetter="false" isSetter="false">
              <Summary numSequencePoints="0" visitedSequencePoints="0" numBranchPoints="0" visitedBranchPoints="0" sequenceCoverage="0" branchCoverage="0" maxCyclomaticComplexity="1" minCyclomaticComplexity="1" maxCrapScore="2" minCrapScore="2" visitedClasses="0" numClasses="0" visitedMethods="0" numMethods="0" />
              <MetadataToken>100663298</MetadataToken>
              <Name>System.Void TestesDiamante.UnitTest1::.ctor()</Name>
              <SequencePoints />
              <BranchPoints />
              <MethodPoint vc="0" uspid="4" ordinal="0" offset="0" />
            </Method>
          </Methods>
        </Class>
      </Classes>
    </Module>
    <Module hash="CA-F3-99-8A-23-71-E2-40-58-C1-65-B1-39-41-B7-AD-8C-C6-B3-D5">
      <Summary numSequencePoints="42" visitedSequencePoints="34" numBranchPoints="15" visitedBranchPoints="9" sequenceCoverage="80.95" branchCoverage="60" maxCyclomaticComplexity="6" minCyclomaticComplexity="1" maxCrapScore="6" minCrapScore="1" visitedClasses="2" numClasses="4" visitedMethods="5" numMethods="7" />
      <ModulePath>C:\Users\JX\Documents\GitHub\C#\Rachas-Cuca-ADP\DesenhaDiamante\TestesDiamante\bin\Debug\fine-code-coverage\build-output\sexo.exe</ModulePath>
      <ModuleTime>2021-07-25T09:56:37.9483969Z</ModuleTime>
      <ModuleName>sexo</ModuleName>
      <Files>
        <File uid="3" fullPath="C:\Users\JX\Documents\GitHub\C#\Rachas-Cuca-ADP\DesenhaDiamante\Diamante\Diamante.cs" />
        <File uid="6" fullPath="C:\Users\JX\Documents\GitHub\C#\Rachas-Cuca-ADP\DesenhaDiamante\Diamante\Program.cs" />
      </Files>
      <Classes>
        <Class>
          <Summary numSequencePoints="33" visitedSequencePoints="33" numBranchPoints="10" visitedBranchPoints="8" sequenceCoverage="100" branchCoverage="80" maxCyclomaticComplexity="6" minCyclomaticComplexity="1" maxCrapScore="6" minCrapScore="1" visitedClasses="1" numClasses="1" visitedMethods="4" numMethods="4" />
          <FullName>DiamanteLetras.Diamante</FullName>
          <Methods>
            <Method visited="true" cyclomaticComplexity="6" nPathComplexity="8" sequenceCoverage="100" branchCoverage="71.43" crapScore="6" isConstructor="false" isStatic="true" isGetter="false" isSetter="false">
              <Summary numSequencePoints="16" visitedSequencePoints="16" numBranchPoints="7" visitedBranchPoints="5" sequenceCoverage="100" branchCoverage="71.43" maxCyclomaticComplexity="6" minCyclomaticComplexity="6" maxCrapScore="6" minCrapScore="6" visitedClasses="0" numClasses="0" visitedMethods="1" numMethods="1" />
              <MetadataToken>100663297</MetadataToken>
              <Name>System.String DiamanteLetras.Diamante::ExibirDiamante(System.Char)</Name>
              <FileRef uid="3" />
              <SequencePoints>
                <SequencePoint vc="1" uspid="5" ordinal="0" offset="0" sl="10" sc="9" el="10" ec="10" bec="0" bev="0" fileid="3" />
                <SequencePoint vc="1" uspid="6" ordinal="1" offset="1" sl="11" sc="13" el="11" ec="33" bec="0" bev="0" fileid="3" />
                <SequencePoint vc="1" uspid="7" ordinal="2" offset="7" sl="12" sc="13" el="12" ec="59" bec="0" bev="0" fileid="3" />
                <SequencePoint vc="1" uspid="8" ordinal="3" offset="13" sl="14" sc="18" el="14" ec="29" bec="0" bev="0" fileid="3" />
                <SequencePoint vc="1" uspid="9" ordinal="4" offset="18" sl="15" sc="13" el="15" ec="14" bec="0" bev="0" fileid="3" />
                <SequencePoint vc="1" uspid="10" ordinal="5" offset="19" sl="16" sc="17" el="16" ec="39" bec="0" bev="0" fileid="3" />
                <SequencePoint vc="1" uspid="11" ordinal="6" offset="28" sl="17" sc="17" el="17" ec="61" bec="0" bev="0" fileid="3" />
                <SequencePoint vc="1" uspid="12" ordinal="7" offset="38" sl="19" sc="17" el="19" ec="62" bec="0" bev="0" fileid="3" />
                <SequencePoint vc="1" uspid="13" ordinal="8" offset="46" sl="21" sc="17" el="21" ec="92" bec="2" bev="1" fileid="3" />
                <SequencePoint vc="1" uspid="14" ordinal="9" offset="75" sl="23" sc="17" el="23" ec="47" bec="2" bev="1" fileid="3" />
                <SequencePoint vc="1" uspid="15" ordinal="10" offset="97" sl="24" sc="13" el="24" ec="14" bec="0" bev="0" fileid="3" />
                <SequencePoint vc="1" uspid="16" ordinal="11" offset="98" sl="14" sc="48" el="14" ec="51" bec="0" bev="0" fileid="3" />
                <SequencePoint vc="2" uspid="17" ordinal="12" offset="102" sl="14" sc="31" el="14" ec="46" bec="2" bev="2" fileid="3" />
                <SequencePoint vc="1" uspid="18" ordinal="13" offset="115" sl="26" sc="13" el="26" ec="68" bec="0" bev="0" fileid="3" />
                <SequencePoint vc="1" uspid="19" ordinal="14" offset="128" sl="27" sc="13" el="27" ec="52" bec="0" bev="0" fileid="3" />
                <SequencePoint vc="1" uspid="20" ordinal="15" offset="138" sl="28" sc="9" el="28" ec="10" bec="0" bev="0" fileid="3" />
              </SequencePoints>
              <BranchPoints>
                <BranchPoint vc="1" uspid="21" ordinal="0" offset="53" sl="21" path="0" offsetend="55" fileid="3" />
                <BranchPoint vc="0" uspid="22" ordinal="1" offset="53" sl="21" path="1" offsetend="62" fileid="3" />
                <BranchPoint vc="1" uspid="23" ordinal="2" offset="77" sl="23" path="0" offsetend="79" fileid="3" />
                <BranchPoint vc="0" uspid="24" ordinal="3" offset="77" sl="23" path="1" offsetend="86" fileid="3" />
                <BranchPoint vc="1" uspid="25" ordinal="4" offset="113" sl="14" path="0" offsetend="115" fileid="3" />
                <BranchPoint vc="1" uspid="26" ordinal="5" offset="113" sl="14" path="1" offsetend="18" fileid="3" />
              </BranchPoints>
              <MethodPoint xsi:type="SequencePoint" vc="1" uspid="5" ordinal="0" offset="0" sl="10" sc="9" el="10" ec="10" bec="0" bev="0" fileid="3" />
            </Method>
            <Method visited="true" cyclomaticComplexity="1" nPathComplexity="0" sequenceCoverage="100" branchCoverage="100" crapScore="1" isConstructor="false" isStatic="true" isGetter="false" isSetter="false">
              <Summary numSequencePoints="5" visitedSequencePoints="5" numBranchPoints="1" visitedBranchPoints="1" sequenceCoverage="100" branchCoverage="100" maxCyclomaticComplexity="1" minCyclomaticComplexity="1" maxCrapScore="1" minCrapScore="1" visitedClasses="0" numClasses="0" visitedMethods="1" numMethods="1" />
              <MetadataToken>100663298</MetadataToken>
              <Name>System.String DiamanteLetras.Diamante::adicionandoEspacos(System.Collections.Generic.List`1&lt;System.String&gt;)</Name>
              <FileRef uid="3" />
              <SequencePoints>
                <SequencePoint vc="1" uspid="27" ordinal="0" offset="6" sl="30" sc="9" el="30" ec="10" bec="0" bev="0" fileid="3" />
                <SequencePoint vc="1" uspid="28" ordinal="1" offset="7" sl="31" sc="13" el="31" ec="34" bec="0" bev="0" fileid="3" />
                <SequencePoint vc="1" uspid="29" ordinal="2" offset="18" sl="32" sc="13" el="32" ec="60" bec="0" bev="0" fileid="3" />
                <SequencePoint vc="1" uspid="30" ordinal="3" offset="37" sl="33" sc="13" el="33" ec="29" bec="0" bev="0" fileid="3" />
                <SequencePoint vc="1" uspid="31" ordinal="4" offset="46" sl="34" sc="9" el="34" ec="10" bec="0" bev="0" fileid="3" />
              </SequencePoints>
              <BranchPoints />
              <MethodPoint vc="1" uspid="32" ordinal="0" offset="0" />
            </Method>
            <Method visited="true" cyclomaticComplexity="1" nPathComplexity="0" sequenceCoverage="100" branchCoverage="100" crapScore="1" isConstructor="false" isStatic="true" isGetter="false" isSetter="false">
              <Summary numSequencePoints="6" visitedSequencePoints="6" numBranchPoints="1" visitedBranchPoints="1" sequenceCoverage="100" branchCoverage="100" maxCyclomaticComplexity="1" minCyclomaticComplexity="1" maxCrapScore="1" minCrapScore="1" visitedClasses="0" numClasses="0" visitedMethods="1" numMethods="1" />
              <MetadataToken>100663299</MetadataToken>
              <Name>System.String DiamanteLetras.Diamante::gerarMargem(System.Int32)</Name>
              <FileRef uid="3" />
              <SequencePoints>
                <SequencePoint vc="1" uspid="33" ordinal="0" offset="6" sl="36" sc="9" el="36" ec="10" bec="0" bev="0" fileid="3" />
                <SequencePoint vc="1" uspid="34" ordinal="1" offset="7" sl="37" sc="13" el="37" ec="81" bec="0" bev="0" fileid="3" />
                <SequencePoint vc="1" uspid="35" ordinal="2" offset="24" sl="38" sc="13" el="38" ec="32" bec="0" bev="0" fileid="3" />
                <SequencePoint vc="1" uspid="36" ordinal="3" offset="35" sl="39" sc="13" el="39" ec="51" bec="0" bev="0" fileid="3" />
                <SequencePoint vc="1" uspid="37" ordinal="4" offset="54" sl="40" sc="13" el="40" ec="27" bec="0" bev="0" fileid="3" />
                <SequencePoint vc="1" uspid="38" ordinal="5" offset="63" sl="41" sc="9" el="41" ec="10" bec="0" bev="0" fileid="3" />
              </SequencePoints>
              <BranchPoints />
              <MethodPoint vc="1" uspid="39" ordinal="0" offset="0" />
            </Method>
            <Method visited="true" cyclomaticComplexity="1" nPathComplexity="0" sequenceCoverage="100" branchCoverage="100" crapScore="1" isConstructor="false" isStatic="true" isGetter="false" isSetter="false">
              <Summary numSequencePoints="6" visitedSequencePoints="6" numBranchPoints="1" visitedBranchPoints="1" sequenceCoverage="100" branchCoverage="100" maxCyclomaticComplexity="1" minCyclomaticComplexity="1" maxCrapScore="1" minCrapScore="1" visitedClasses="0" numClasses="0" visitedMethods="1" numMethods="1" />
              <MetadataToken>100663300</MetadataToken>
              <Name>System.Collections.Generic.List`1&lt;System.String&gt; DiamanteLetras.Diamante::gerarParteInvertida(System.Collections.Generic.List`1&lt;System.String&gt;)</Name>
              <FileRef uid="3" />
              <SequencePoints>
                <SequencePoint vc="1" uspid="40" ordinal="0" offset="0" sl="43" sc="9" el="43" ec="10" bec="0" bev="0" fileid="3" />
                <SequencePoint vc="1" uspid="41" ordinal="1" offset="1" sl="44" sc="13" el="44" ec="57" bec="0" bev="0" fileid="3" />
                <SequencePoint vc="1" uspid="42" ordinal="2" offset="8" sl="45" sc="13" el="45" ec="31" bec="0" bev="0" fileid="3" />
                <SequencePoint vc="1" uspid="43" ordinal="3" offset="15" sl="46" sc="13" el="46" ec="33" bec="0" bev="0" fileid="3" />
                <SequencePoint vc="1" uspid="44" ordinal="4" offset="23" sl="47" sc="13" el="47" ec="28" bec="0" bev="0" fileid="3" />
                <SequencePoint vc="1" uspid="45" ordinal="5" offset="27" sl="48" sc="9" el="48" ec="10" bec="0" bev="0" fileid="3" />
              </SequencePoints>
              <BranchPoints />
              <MethodPoint xsi:type="SequencePoint" vc="1" uspid="40" ordinal="0" offset="0" sl="43" sc="9" el="43" ec="10" bec="0" bev="0" fileid="3" />
            </Method>
            <Method visited="false" cyclomaticComplexity="1" nPathComplexity="0" sequenceCoverage="0" branchCoverage="0" crapScore="2" isConstructor="true" isStatic="false" isGetter="false" isSetter="false">
              <Summary numSequencePoints="0" visitedSequencePoints="0" numBranchPoints="0" visitedBranchPoints="0" sequenceCoverage="0" branchCoverage="0" maxCyclomaticComplexity="1" minCyclomaticComplexity="1" maxCrapScore="2" minCrapScore="2" visitedClasses="0" numClasses="0" visitedMethods="0" numMethods="0" />
              <MetadataToken>100663301</MetadataToken>
              <Name>System.Void DiamanteLetras.Diamante::.ctor()</Name>
              <SequencePoints />
              <BranchPoints />
              <MethodPoint vc="0" uspid="46" ordinal="0" offset="0" />
            </Method>
          </Methods>
        </Class>
        <Class>
          <Summary numSequencePoints="1" visitedSequencePoints="1" numBranchPoints="1" visitedBranchPoints="1" sequenceCoverage="100" branchCoverage="100" maxCyclomaticComplexity="1" minCyclomaticComplexity="1" maxCrapScore="2" minCrapScore="1" visitedClasses="1" numClasses="1" visitedMethods="1" numMethods="1" />
          <FullName>DiamanteLetras.Diamante/&lt;&gt;c__DisplayClass1_0</FullName>
          <Methods>
            <Method visited="false" cyclomaticComplexity="1" nPathComplexity="0" sequenceCoverage="0" branchCoverage="0" crapScore="2" isConstructor="true" isStatic="false" isGetter="false" isSetter="false">
              <Summary numSequencePoints="0" visitedSequencePoints="0" numBranchPoints="0" visitedBranchPoints="0" sequenceCoverage="0" branchCoverage="0" maxCyclomaticComplexity="1" minCyclomaticComplexity="1" maxCrapScore="2" minCrapScore="2" visitedClasses="0" numClasses="0" visitedMethods="0" numMethods="0" />
              <MetadataToken>100663304</MetadataToken>
              <Name>System.Void DiamanteLetras.Diamante/&lt;&gt;c__DisplayClass1_0::.ctor()</Name>
              <SequencePoints />
              <BranchPoints />
              <MethodPoint vc="0" uspid="47" ordinal="0" offset="0" />
            </Method>
            <Method visited="true" cyclomaticComplexity="1" nPathComplexity="0" sequenceCoverage="100" branchCoverage="100" crapScore="1" isConstructor="false" isStatic="false" isGetter="false" isSetter="false">
              <Summary numSequencePoints="1" visitedSequencePoints="1" numBranchPoints="1" visitedBranchPoints="1" sequenceCoverage="100" branchCoverage="100" maxCyclomaticComplexity="1" minCyclomaticComplexity="1" maxCrapScore="1" minCrapScore="1" visitedClasses="0" numClasses="0" visitedMethods="1" numMethods="1" />
              <MetadataToken>100663305</MetadataToken>
              <Name>System.Void DiamanteLetras.Diamante/&lt;&gt;c__DisplayClass1_0::&lt;adicionandoEspacos&gt;b__0(System.String)</Name>
              <FileRef uid="3" />
              <SequencePoints>
                <SequencePoint vc="1" uspid="48" ordinal="0" offset="0" sl="32" sc="38" el="32" ec="58" bec="0" bev="0" fileid="3" />
              </SequencePoints>
              <BranchPoints />
              <MethodPoint xsi:type="SequencePoint" vc="1" uspid="48" ordinal="0" offset="0" sl="32" sc="38" el="32" ec="58" bec="0" bev="0" fileid="3" />
            </Method>
          </Methods>
        </Class>
        <Class>
          <Summary numSequencePoints="1" visitedSequencePoints="0" numBranchPoints="1" visitedBranchPoints="0" sequenceCoverage="0" branchCoverage="0" maxCyclomaticComplexity="1" minCyclomaticComplexity="1" maxCrapScore="2" minCrapScore="2" visitedClasses="0" numClasses="1" visitedMethods="0" numMethods="1" />
          <FullName>DiamanteLetras.Diamante/&lt;&gt;c__DisplayClass2_0</FullName>
          <Methods>
            <Method visited="false" cyclomaticComplexity="1" nPathComplexity="0" sequenceCoverage="0" branchCoverage="0" crapScore="2" isConstructor="true" isStatic="false" isGetter="false" isSetter="false">
              <Summary numSequencePoints="0" visitedSequencePoints="0" numBranchPoints="0" visitedBranchPoints="0" sequenceCoverage="0" branchCoverage="0" maxCyclomaticComplexity="1" minCyclomaticComplexity="1" maxCrapScore="2" minCrapScore="2" visitedClasses="0" numClasses="0" visitedMethods="0" numMethods="0" />
              <MetadataToken>100663306</MetadataToken>
              <Name>System.Void DiamanteLetras.Diamante/&lt;&gt;c__DisplayClass2_0::.ctor()</Name>
              <SequencePoints />
              <BranchPoints />
              <MethodPoint vc="0" uspid="49" ordinal="0" offset="0" />
            </Method>
            <Method visited="false" cyclomaticComplexity="1" nPathComplexity="0" sequenceCoverage="0" branchCoverage="0" crapScore="2" isConstructor="false" isStatic="false" isGetter="false" isSetter="false">
              <Summary numSequencePoints="1" visitedSequencePoints="0" numBranchPoints="1" visitedBranchPoints="0" sequenceCoverage="0" branchCoverage="0" maxCyclomaticComplexity="1" minCyclomaticComplexity="1" maxCrapScore="2" minCrapScore="2" visitedClasses="0" numClasses="0" visitedMethods="0" numMethods="1" />
              <MetadataToken>100663307</MetadataToken>
              <Name>System.Void DiamanteLetras.Diamante/&lt;&gt;c__DisplayClass2_0::&lt;gerarMargem&gt;b__0(System.String)</Name>
              <FileRef uid="3" />
              <SequencePoints>
                <SequencePoint vc="0" uspid="50" ordinal="0" offset="0" sl="39" sc="38" el="39" ec="49" bec="0" bev="0" fileid="3" />
              </SequencePoints>
              <BranchPoints />
              <MethodPoint xsi:type="SequencePoint" vc="0" uspid="50" ordinal="0" offset="0" sl="39" sc="38" el="39" ec="49" bec="0" bev="0" fileid="3" />
            </Method>
          </Methods>
        </Class>
        <Class>
          <Summary numSequencePoints="7" visitedSequencePoints="0" numBranchPoints="3" visitedBranchPoints="0" sequenceCoverage="0" branchCoverage="0" maxCyclomaticComplexity="2" minCyclomaticComplexity="1" maxCrapScore="6" minCrapScore="2" visitedClasses="0" numClasses="1" visitedMethods="0" numMethods="1" />
          <FullName>DiamanteLetras.Program</FullName>
          <Methods>
            <Method visited="false" cyclomaticComplexity="2" nPathComplexity="2" sequenceCoverage="0" branchCoverage="0" crapScore="6" isConstructor="false" isStatic="true" isGetter="false" isSetter="false">
              <Summary numSequencePoints="7" visitedSequencePoints="0" numBranchPoints="3" visitedBranchPoints="0" sequenceCoverage="0" branchCoverage="0" maxCyclomaticComplexity="2" minCyclomaticComplexity="2" maxCrapScore="6" minCrapScore="6" visitedClasses="0" numClasses="0" visitedMethods="0" numMethods="1" />
              <MetadataToken>100663302</MetadataToken>
              <Name>System.Void DiamanteLetras.Program::Main(System.String[])</Name>
              <FileRef uid="6" />
              <SequencePoints>
                <SequencePoint vc="0" uspid="51" ordinal="0" offset="0" sl="8" sc="9" el="8" ec="10" bec="0" bev="0" fileid="6" />
                <SequencePoint vc="0" uspid="52" ordinal="1" offset="1" sl="9" sc="18" el="9" ec="28" bec="0" bev="0" fileid="6" />
                <SequencePoint vc="0" uspid="53" ordinal="2" offset="6" sl="10" sc="17" el="10" ec="69" bec="0" bev="0" fileid="6" />
                <SequencePoint vc="0" uspid="54" ordinal="3" offset="19" sl="9" sc="38" el="9" ec="41" bec="0" bev="0" fileid="6" />
                <SequencePoint vc="0" uspid="55" ordinal="4" offset="23" sl="9" sc="30" el="9" ec="36" bec="2" bev="0" fileid="6" />
                <SequencePoint vc="0" uspid="56" ordinal="5" offset="32" sl="11" sc="13" el="11" ec="32" bec="0" bev="0" fileid="6" />
                <SequencePoint vc="0" uspid="57" ordinal="6" offset="38" sl="12" sc="9" el="12" ec="10" bec="0" bev="0" fileid="6" />
              </SequencePoints>
              <BranchPoints>
                <BranchPoint vc="0" uspid="58" ordinal="0" offset="30" sl="9" path="0" offsetend="32" fileid="6" />
                <BranchPoint vc="0" uspid="59" ordinal="1" offset="30" sl="9" path="1" offsetend="6" fileid="6" />
              </BranchPoints>
              <MethodPoint xsi:type="SequencePoint" vc="0" uspid="51" ordinal="0" offset="0" sl="8" sc="9" el="8" ec="10" bec="0" bev="0" fileid="6" />
            </Method>
            <Method visited="false" cyclomaticComplexity="1" nPathComplexity="0" sequenceCoverage="0" branchCoverage="0" crapScore="2" isConstructor="true" isStatic="false" isGetter="false" isSetter="false">
              <Summary numSequencePoints="0" visitedSequencePoints="0" numBranchPoints="0" visitedBranchPoints="0" sequenceCoverage="0" branchCoverage="0" maxCyclomaticComplexity="1" minCyclomaticComplexity="1" maxCrapScore="2" minCrapScore="2" visitedClasses="0" numClasses="0" visitedMethods="0" numMethods="0" />
              <MetadataToken>100663303</MetadataToken>
              <Name>System.Void DiamanteLetras.Program::.ctor()</Name>
              <SequencePoints />
              <BranchPoints />
              <MethodPoint vc="0" uspid="60" ordinal="0" offset="0" />
            </Method>
          </Methods>
        </Class>
      </Classes>
    </Module>
  </Modules>
</CoverageSession>